{"/home/travis/build/npmtest/node-npmtest-eslint-plugin-standard/test.js":{"path":"/home/travis/build/npmtest/node-npmtest-eslint-plugin-standard/test.js","s":{"1":2,"2":2,"3":2,"4":2,"5":2,"6":2,"7":2,"8":1,"9":2,"10":2,"11":1,"12":1,"13":1,"14":1,"15":2,"16":2,"17":2,"18":2,"19":1,"20":1,"21":2,"22":2,"23":2,"24":1,"25":1,"26":1,"27":1,"28":1,"29":1,"30":1,"31":1,"32":1,"33":1,"34":1,"35":1,"36":1,"37":1,"38":1,"39":2,"40":2,"41":1,"42":2,"43":2,"44":1,"45":2,"46":2,"47":1,"48":2,"49":2,"50":1,"51":1,"52":1,"53":1,"54":1},"b":{"1":[2,1,1,1],"2":[1,1,1,1],"3":[1,1],"4":[1,1],"5":[1,1],"6":[1,1],"7":[1,1],"8":[1,1],"9":[1,1],"10":[1,1,1],"11":[1,1],"12":[1,1],"13":[1,1],"14":[1,1],"15":[1,1],"16":[1,1],"17":[1,1]},"f":{"1":2,"2":2,"3":2,"4":2,"5":2,"6":1,"7":1,"8":1,"9":2,"10":2,"11":2,"12":2,"13":1},"fnMap":{"1":{"name":"(anonymous_1)","line":12,"loc":{"start":{"line":12,"column":1},"end":{"line":12,"column":13}}},"2":{"name":"(anonymous_2)","line":19,"loc":{"start":{"line":19,"column":5},"end":{"line":19,"column":17}}},"3":{"name":"(anonymous_3)","line":23,"loc":{"start":{"line":23,"column":24},"end":{"line":23,"column":36}}},"4":{"name":"(anonymous_4)","line":61,"loc":{"start":{"line":61,"column":5},"end":{"line":61,"column":17}}},"5":{"name":"(anonymous_5)","line":82,"loc":{"start":{"line":82,"column":5},"end":{"line":82,"column":17}}},"6":{"name":"(anonymous_6)","line":91,"loc":{"start":{"line":91,"column":77},"end":{"line":94,"column":10}}},"7":{"name":"(anonymous_7)","line":112,"loc":{"start":{"line":112,"column":83},"end":{"line":115,"column":10}},"skip":true},"8":{"name":"(anonymous_8)","line":123,"loc":{"start":{"line":123,"column":77},"end":{"line":126,"column":10}},"skip":true},"9":{"name":"(anonymous_9)","line":139,"loc":{"start":{"line":139,"column":12},"end":{"line":139,"column":40}},"skip":true},"10":{"name":"(anonymous_10)","line":147,"loc":{"start":{"line":147,"column":77},"end":{"line":150,"column":10}},"skip":true},"11":{"name":"(anonymous_11)","line":158,"loc":{"start":{"line":158,"column":83},"end":{"line":161,"column":10}},"skip":true},"12":{"name":"(anonymous_12)","line":169,"loc":{"start":{"line":169,"column":79},"end":{"line":172,"column":10}},"skip":true},"13":{"name":"(anonymous_13)","line":180,"loc":{"start":{"line":180,"column":75},"end":{"line":183,"column":10}},"skip":true}},"statementMap":{"1":{"start":{"line":12,"column":0},"end":{"line":195,"column":5}},"2":{"start":{"line":14,"column":4},"end":{"line":14,"column":14}},"3":{"start":{"line":19,"column":4},"end":{"line":56,"column":9}},"4":{"start":{"line":21,"column":8},"end":{"line":21,"column":19}},"5":{"start":{"line":23,"column":8},"end":{"line":35,"column":13}},"6":{"start":{"line":24,"column":12},"end":{"line":34,"column":13}},"7":{"start":{"line":25,"column":16},"end":{"line":28,"column":30}},"8":{"start":{"line":30,"column":16},"end":{"line":33,"column":27}},"9":{"start":{"line":37,"column":8},"end":{"line":39,"column":21}},"10":{"start":{"line":40,"column":8},"end":{"line":53,"column":9}},"11":{"start":{"line":43,"column":12},"end":{"line":46,"column":14}},"12":{"start":{"line":47,"column":12},"end":{"line":47,"column":18}},"13":{"start":{"line":50,"column":12},"end":{"line":51,"column":46}},"14":{"start":{"line":52,"column":12},"end":{"line":52,"column":18}},"15":{"start":{"line":55,"column":8},"end":{"line":55,"column":35}},"16":{"start":{"line":61,"column":4},"end":{"line":63,"column":9}},"17":{"start":{"line":62,"column":8},"end":{"line":62,"column":15}},"18":{"start":{"line":64,"column":4},"end":{"line":77,"column":5}},"19":{"start":{"line":70,"column":8},"end":{"line":70,"column":14}},"20":{"start":{"line":76,"column":8},"end":{"line":76,"column":14}},"21":{"start":{"line":82,"column":4},"end":{"line":84,"column":9}},"22":{"start":{"line":83,"column":8},"end":{"line":83,"column":15}},"23":{"start":{"line":85,"column":4},"end":{"line":194,"column":5}},"24":{"start":{"line":91,"column":8},"end":{"line":99,"column":10}},"25":{"start":{"line":98,"column":12},"end":{"line":98,"column":35}},"26":{"start":{"line":102,"column":8},"end":{"line":104,"column":63}},"27":{"start":{"line":105,"column":8},"end":{"line":105,"column":14}},"28":{"start":{"line":112,"column":8},"end":{"line":121,"column":10},"skip":true},"29":{"start":{"line":119,"column":12},"end":{"line":119,"column":55},"skip":true},"30":{"start":{"line":120,"column":12},"end":{"line":120,"column":48},"skip":true},"31":{"start":{"line":123,"column":8},"end":{"line":136,"column":10},"skip":true},"32":{"start":{"line":130,"column":12},"end":{"line":130,"column":76},"skip":true},"33":{"start":{"line":131,"column":12},"end":{"line":131,"column":73},"skip":true},"34":{"start":{"line":132,"column":12},"end":{"line":132,"column":74},"skip":true},"35":{"start":{"line":133,"column":12},"end":{"line":133,"column":79},"skip":true},"36":{"start":{"line":134,"column":12},"end":{"line":134,"column":25},"skip":true},"37":{"start":{"line":135,"column":12},"end":{"line":135,"column":45},"skip":true},"38":{"start":{"line":138,"column":8},"end":{"line":145,"column":14},"skip":true},"39":{"start":{"line":143,"column":16},"end":{"line":143,"column":29},"skip":true},"40":{"start":{"line":144,"column":16},"end":{"line":144,"column":55},"skip":true},"41":{"start":{"line":147,"column":8},"end":{"line":156,"column":10},"skip":true},"42":{"start":{"line":154,"column":12},"end":{"line":154,"column":25},"skip":true},"43":{"start":{"line":155,"column":12},"end":{"line":155,"column":45},"skip":true},"44":{"start":{"line":158,"column":8},"end":{"line":167,"column":10},"skip":true},"45":{"start":{"line":165,"column":12},"end":{"line":165,"column":25},"skip":true},"46":{"start":{"line":166,"column":12},"end":{"line":166,"column":48},"skip":true},"47":{"start":{"line":169,"column":8},"end":{"line":178,"column":10},"skip":true},"48":{"start":{"line":176,"column":12},"end":{"line":176,"column":25},"skip":true},"49":{"start":{"line":177,"column":12},"end":{"line":177,"column":46},"skip":true},"50":{"start":{"line":180,"column":8},"end":{"line":189,"column":10},"skip":true},"51":{"start":{"line":187,"column":12},"end":{"line":187,"column":94},"skip":true},"52":{"start":{"line":188,"column":12},"end":{"line":188,"column":48},"skip":true},"53":{"start":{"line":192,"column":8},"end":{"line":192,"column":35},"skip":true},"54":{"start":{"line":193,"column":8},"end":{"line":193,"column":14},"skip":true}},"branchMap":{"1":{"line":25,"type":"binary-expr","locations":[{"start":{"line":25,"column":23},"end":{"line":25,"column":62}},{"start":{"line":26,"column":20},"end":{"line":26,"column":70}},{"start":{"line":27,"column":20},"end":{"line":27,"column":71}},{"start":{"line":28,"column":20},"end":{"line":28,"column":29}}]},"2":{"line":30,"type":"binary-expr","locations":[{"start":{"line":30,"column":23},"end":{"line":30,"column":37}},{"start":{"line":31,"column":20},"end":{"line":31,"column":61}},{"start":{"line":32,"column":20},"end":{"line":32,"column":70}},{"start":{"line":33,"column":20},"end":{"line":33,"column":26}}]},"3":{"line":37,"type":"cond-expr","locations":[{"start":{"line":38,"column":14},"end":{"line":38,"column":20}},{"start":{"line":39,"column":14},"end":{"line":39,"column":20}}]},"4":{"line":40,"type":"switch","locations":[{"start":{"line":42,"column":8},"end":{"line":47,"column":18}},{"start":{"line":49,"column":8},"end":{"line":52,"column":18}}]},"5":{"line":44,"type":"binary-expr","locations":[{"start":{"line":44,"column":16},"end":{"line":44,"column":44}},{"start":{"line":44,"column":48},"end":{"line":44,"column":66}}]},"6":{"line":50,"type":"binary-expr","locations":[{"start":{"line":50,"column":21},"end":{"line":50,"column":49}},{"start":{"line":50,"column":53},"end":{"line":50,"column":72}}]},"7":{"line":64,"type":"switch","locations":[{"start":{"line":69,"column":4},"end":{"line":70,"column":14}},{"start":{"line":75,"column":4},"end":{"line":76,"column":14}}]},"8":{"line":85,"type":"switch","locations":[{"start":{"line":90,"column":4},"end":{"line":105,"column":14}},{"start":{"line":111,"column":4},"end":{"line":193,"column":14},"skip":true}]},"9":{"line":91,"type":"binary-expr","locations":[{"start":{"line":91,"column":42},"end":{"line":91,"column":73}},{"start":{"line":91,"column":77},"end":{"line":99,"column":9}}]},"10":{"line":102,"type":"binary-expr","locations":[{"start":{"line":102,"column":18},"end":{"line":102,"column":32}},{"start":{"line":103,"column":12},"end":{"line":103,"column":53}},{"start":{"line":104,"column":12},"end":{"line":104,"column":61}}]},"11":{"line":112,"type":"binary-expr","locations":[{"start":{"line":112,"column":45},"end":{"line":112,"column":79},"skip":true},{"start":{"line":112,"column":83},"end":{"line":121,"column":9},"skip":true}]},"12":{"line":123,"type":"binary-expr","locations":[{"start":{"line":123,"column":42},"end":{"line":123,"column":73},"skip":true},{"start":{"line":123,"column":77},"end":{"line":136,"column":9},"skip":true}]},"13":{"line":138,"type":"binary-expr","locations":[{"start":{"line":138,"column":48},"end":{"line":138,"column":85},"skip":true},{"start":{"line":139,"column":12},"end":{"line":145,"column":13},"skip":true}]},"14":{"line":147,"type":"binary-expr","locations":[{"start":{"line":147,"column":42},"end":{"line":147,"column":73},"skip":true},{"start":{"line":147,"column":77},"end":{"line":156,"column":9},"skip":true}]},"15":{"line":158,"type":"binary-expr","locations":[{"start":{"line":158,"column":45},"end":{"line":158,"column":79},"skip":true},{"start":{"line":158,"column":83},"end":{"line":167,"column":9},"skip":true}]},"16":{"line":169,"type":"binary-expr","locations":[{"start":{"line":169,"column":43},"end":{"line":169,"column":75},"skip":true},{"start":{"line":169,"column":79},"end":{"line":178,"column":9},"skip":true}]},"17":{"line":180,"type":"binary-expr","locations":[{"start":{"line":180,"column":41},"end":{"line":180,"column":71},"skip":true},{"start":{"line":180,"column":75},"end":{"line":189,"column":9},"skip":true}]}},"code":["/* istanbul instrument in package npmtest_eslint_plugin_standard */","/*jslint","    bitwise: true,","    browser: true,","    maxerr: 8,","    maxlen: 96,","    node: true,","    nomen: true,","    regexp: true,","    stupid: true","*/","(function () {","    'use strict';","    var local;","","","","    // run shared js-env code - pre-init","    (function () {","        // init local","        local = {};","        // init modeJs","        local.modeJs = (function () {","            try {","                return typeof navigator.userAgent === 'string' &&","                    typeof document.querySelector('body') === 'object' &&","                    typeof XMLHttpRequest.prototype.open === 'function' &&","                    'browser';","            } catch (errorCaughtBrowser) {","                return module.exports &&","                    typeof process.versions.node === 'string' &&","                    typeof require('http').createServer === 'function' &&","                    'node';","            }","        }());","        // init global","        local.global = local.modeJs === 'browser'","            ? window","            : global;","        switch (local.modeJs) {","        // re-init local from window.local","        case 'browser':","            local = local.global.utility2.objectSetDefault(","                local.global.utility2_rollup || local.global.local,","                local.global.utility2","            );","            break;","        // re-init local from example.js","        case 'node':","            local = (local.global.utility2_rollup || require('utility2'))","                .requireExampleJsFromReadme();","            break;","        }","        // export local","        local.global.local = local;","    }());","","","","    // run shared js-env code - function","    (function () {","        return;","    }());","    switch (local.modeJs) {","","","","    // run browser js-env code - function","    case 'browser':","        break;","","","","    // run node js-env code - function","    case 'node':","        break;","    }","","","","    // run shared js-env code - post-init","    (function () {","        return;","    }());","    switch (local.modeJs) {","","","","    // run browser js-env code - post-init","    case 'browser':","        local.testCase_browser_nullCase = local.testCase_browser_nullCase || function (","            options,","            onError","        ) {","        /*","         * this function will test browsers's null-case handling-behavior-behavior","         */","            onError(null, options);","        };","","        // run tests","        local.nop(local.modeTest &&","            document.querySelector('#testRunButton1') &&","            document.querySelector('#testRunButton1').click());","        break;","","","","    // run node js-env code - post-init","    /* istanbul ignore next */","    case 'node':","        local.testCase_buildApidoc_default = local.testCase_buildApidoc_default || function (","            options,","            onError","        ) {","        /*","         * this function will test buildApidoc's default handling-behavior-behavior","         */","            options = { modulePathList: module.paths };","            local.buildApidoc(options, onError);","        };","","        local.testCase_buildApp_default = local.testCase_buildApp_default || function (","            options,","            onError","        ) {","        /*","         * this function will test buildApp's default handling-behavior-behavior","         */","            local.testCase_buildReadme_default(options, local.onErrorThrow);","            local.testCase_buildLib_default(options, local.onErrorThrow);","            local.testCase_buildTest_default(options, local.onErrorThrow);","            local.testCase_buildCustomOrg_default(options, local.onErrorThrow);","            options = [];","            local.buildApp(options, onError);","        };","","        local.testCase_buildCustomOrg_default = local.testCase_buildCustomOrg_default ||","            function (options, onError) {","            /*","             * this function will test buildCustomOrg's default handling-behavior","             */","                options = {};","                local.buildCustomOrg(options, onError);","            };","","        local.testCase_buildLib_default = local.testCase_buildLib_default || function (","            options,","            onError","        ) {","        /*","         * this function will test buildLib's default handling-behavior","         */","            options = {};","            local.buildLib(options, onError);","        };","","        local.testCase_buildReadme_default = local.testCase_buildReadme_default || function (","            options,","            onError","        ) {","        /*","         * this function will test buildReadme's default handling-behavior-behavior","         */","            options = {};","            local.buildReadme(options, onError);","        };","","        local.testCase_buildTest_default = local.testCase_buildTest_default || function (","            options,","            onError","        ) {","        /*","         * this function will test buildTest's default handling-behavior","         */","            options = {};","            local.buildTest(options, onError);","        };","","        local.testCase_webpage_default = local.testCase_webpage_default || function (","            options,","            onError","        ) {","        /*","         * this function will test webpage's default handling-behavior","         */","            options = { modeCoverageMerge: true, url: local.serverLocalHost + '?modeTest=1' };","            local.browserTest(options, onError);","        };","","        // run test-server","        local.testRunServer(local);","        break;","    }","}());",""],"l":{"12":2,"14":2,"19":2,"21":2,"23":2,"24":2,"25":2,"30":1,"37":2,"40":2,"43":1,"47":1,"50":1,"52":1,"55":2,"61":2,"62":2,"64":2,"70":1,"76":1,"82":2,"83":2,"85":2,"91":1,"98":1,"102":1,"105":1,"112":1,"119":1,"120":1,"123":1,"130":1,"131":1,"132":1,"133":1,"134":1,"135":1,"138":1,"143":2,"144":2,"147":1,"154":2,"155":2,"158":1,"165":2,"166":2,"169":1,"176":2,"177":2,"180":1,"187":1,"188":1,"192":1,"193":1}},"/home/travis/build/npmtest/node-npmtest-eslint-plugin-standard/lib.npmtest_eslint_plugin_standard.js":{"path":"/home/travis/build/npmtest/node-npmtest-eslint-plugin-standard/lib.npmtest_eslint_plugin_standard.js","s":{"1":2,"2":2,"3":2,"4":2,"5":2,"6":2,"7":2,"8":1,"9":2,"10":2,"11":2,"12":2,"13":1,"14":1,"15":1,"16":1},"b":{"1":[2,1,1,1],"2":[1,1,1,1],"3":[1,1],"4":[2,2],"5":[1,1]},"f":{"1":2,"2":2,"3":2},"fnMap":{"1":{"name":"(anonymous_1)","line":12,"loc":{"start":{"line":12,"column":1},"end":{"line":12,"column":13}}},"2":{"name":"(anonymous_2)","line":19,"loc":{"start":{"line":19,"column":5},"end":{"line":19,"column":17}}},"3":{"name":"(anonymous_3)","line":23,"loc":{"start":{"line":23,"column":24},"end":{"line":23,"column":36}}}},"statementMap":{"1":{"start":{"line":12,"column":0},"end":{"line":53,"column":5}},"2":{"start":{"line":14,"column":4},"end":{"line":14,"column":14}},"3":{"start":{"line":19,"column":4},"end":{"line":52,"column":9}},"4":{"start":{"line":21,"column":8},"end":{"line":21,"column":19}},"5":{"start":{"line":23,"column":8},"end":{"line":35,"column":13}},"6":{"start":{"line":24,"column":12},"end":{"line":34,"column":13}},"7":{"start":{"line":25,"column":16},"end":{"line":28,"column":30}},"8":{"start":{"line":30,"column":16},"end":{"line":33,"column":27}},"9":{"start":{"line":37,"column":8},"end":{"line":39,"column":21}},"10":{"start":{"line":41,"column":8},"end":{"line":41,"column":54}},"11":{"start":{"line":43,"column":8},"end":{"line":43,"column":67}},"12":{"start":{"line":45,"column":8},"end":{"line":51,"column":9}},"13":{"start":{"line":46,"column":12},"end":{"line":46,"column":73}},"14":{"start":{"line":48,"column":12},"end":{"line":48,"column":35}},"15":{"start":{"line":49,"column":12},"end":{"line":49,"column":49}},"16":{"start":{"line":50,"column":12},"end":{"line":50,"column":43}}},"branchMap":{"1":{"line":25,"type":"binary-expr","locations":[{"start":{"line":25,"column":23},"end":{"line":25,"column":62}},{"start":{"line":26,"column":20},"end":{"line":26,"column":70}},{"start":{"line":27,"column":20},"end":{"line":27,"column":71}},{"start":{"line":28,"column":20},"end":{"line":28,"column":29}}]},"2":{"line":30,"type":"binary-expr","locations":[{"start":{"line":30,"column":23},"end":{"line":30,"column":37}},{"start":{"line":31,"column":20},"end":{"line":31,"column":61}},{"start":{"line":32,"column":20},"end":{"line":32,"column":70}},{"start":{"line":33,"column":20},"end":{"line":33,"column":26}}]},"3":{"line":37,"type":"cond-expr","locations":[{"start":{"line":38,"column":14},"end":{"line":38,"column":20}},{"start":{"line":39,"column":14},"end":{"line":39,"column":20}}]},"4":{"line":41,"type":"binary-expr","locations":[{"start":{"line":41,"column":16},"end":{"line":41,"column":44}},{"start":{"line":41,"column":48},"end":{"line":41,"column":53}}]},"5":{"line":45,"type":"if","locations":[{"start":{"line":45,"column":8},"end":{"line":45,"column":8}},{"start":{"line":45,"column":8},"end":{"line":45,"column":8}}]}},"code":["/* istanbul instrument in package npmtest_eslint_plugin_standard */","/*jslint","    bitwise: true,","    browser: true,","    maxerr: 8,","    maxlen: 96,","    node: true,","    nomen: true,","    regexp: true,","    stupid: true","*/","(function () {","    'use strict';","    var local;","","","","    // run shared js-env code - pre-init","    (function () {","        // init local","        local = {};","        // init modeJs","        local.modeJs = (function () {","            try {","                return typeof navigator.userAgent === 'string' &&","                    typeof document.querySelector('body') === 'object' &&","                    typeof XMLHttpRequest.prototype.open === 'function' &&","                    'browser';","            } catch (errorCaughtBrowser) {","                return module.exports &&","                    typeof process.versions.node === 'string' &&","                    typeof require('http').createServer === 'function' &&","                    'node';","            }","        }());","        // init global","        local.global = local.modeJs === 'browser'","            ? window","            : global;","        // init utility2_rollup","        local = local.global.utility2_rollup || local;","        // init lib","        local.local = local.npmtest_eslint_plugin_standard = local;","        // init exports","        if (local.modeJs === 'browser') {","            local.global.utility2_npmtest_eslint_plugin_standard = local;","        } else {","            module.exports = local;","            module.exports.__dirname = __dirname;","            module.exports.module = module;","        }","    }());","}());",""],"l":{"12":2,"14":2,"19":2,"21":2,"23":2,"24":2,"25":2,"30":1,"37":2,"41":2,"43":2,"45":2,"46":1,"48":1,"49":1,"50":1}},"/home/travis/build/npmtest/node-npmtest-eslint-plugin-standard/example.js":{"path":"/home/travis/build/npmtest/node-npmtest-eslint-plugin-standard/example.js","s":{"1":2,"2":2,"3":2,"4":2,"5":2,"6":2,"7":2,"8":1,"9":2,"10":2,"11":2,"12":2,"13":1,"14":2,"15":2,"16":2,"17":2,"18":2,"19":0,"20":2,"21":1,"22":1,"23":1,"24":1,"25":1,"26":0,"27":0,"28":1,"29":1,"30":2,"31":0,"32":0,"33":0,"34":1,"35":2,"36":2,"37":3,"38":3,"39":3,"40":3,"41":0,"42":3,"43":3,"44":3,"45":1,"46":3,"47":1,"48":1,"49":1,"50":1,"51":1,"52":1,"53":1,"54":1,"55":1,"56":1,"57":0,"58":1,"59":6,"60":6,"61":1,"62":2,"63":0,"64":2,"65":1,"66":1,"67":0,"68":0,"69":0,"70":0,"71":0,"72":0,"73":0,"74":0,"75":0,"76":0,"77":0,"78":0,"79":0,"80":0,"81":0,"82":0,"83":0},"b":{"1":[2,1,1,1],"2":[1,1,1,1],"3":[1,1],"4":[2,2],"5":[1,1],"6":[1,1],"7":[2,0],"8":[2,1,1,1,1,1],"9":[0,2,0],"10":[1,1],"11":[2,1,1],"12":[1,0],"13":[0,2],"14":[2,0,0,0,0,0,0],"15":[0,3],"16":[3,0],"17":[1,1],"18":[0,1],"19":[1,2,0,2],"20":[1,0],"21":[1,1],"22":[0,0],"23":[0,0],"24":[0,0],"25":[0,0],"26":[0,0],"27":[0,0],"28":[0,0]},"f":{"1":2,"2":2,"3":2,"4":2,"5":2,"6":2,"7":3,"8":3,"9":3,"10":1,"11":6,"12":0},"fnMap":{"1":{"name":"(anonymous_1)","line":26,"loc":{"start":{"line":26,"column":1},"end":{"line":26,"column":13}}},"2":{"name":"(anonymous_2)","line":33,"loc":{"start":{"line":33,"column":5},"end":{"line":33,"column":17}}},"3":{"name":"(anonymous_3)","line":37,"loc":{"start":{"line":37,"column":24},"end":{"line":37,"column":36}}},"4":{"name":"(anonymous_4)","line":69,"loc":{"start":{"line":69,"column":31},"end":{"line":69,"column":48}},"skip":true},"5":{"name":"(anonymous_5)","line":78,"loc":{"start":{"line":78,"column":26},"end":{"line":78,"column":45}},"skip":true},"6":{"name":"(anonymous_6)","line":123,"loc":{"start":{"line":123,"column":33},"end":{"line":123,"column":48}},"skip":true},"7":{"name":"(anonymous_7)","line":125,"loc":{"start":{"line":125,"column":27},"end":{"line":125,"column":39}},"skip":true},"8":{"name":"(anonymous_8)","line":133,"loc":{"start":{"line":133,"column":59},"end":{"line":133,"column":74}},"skip":true},"9":{"name":"(anonymous_9)","line":143,"loc":{"start":{"line":143,"column":45},"end":{"line":143,"column":62}},"skip":true},"10":{"name":"(anonymous_10)","line":144,"loc":{"start":{"line":144,"column":73},"end":{"line":144,"column":92}},"skip":true},"11":{"name":"(anonymous_11)","line":272,"loc":{"start":{"line":272,"column":51},"end":{"line":272,"column":77}},"skip":true},"12":{"name":"(anonymous_12)","line":315,"loc":{"start":{"line":315,"column":32},"end":{"line":315,"column":61}},"skip":true}},"statementMap":{"1":{"start":{"line":26,"column":0},"end":{"line":326,"column":5}},"2":{"start":{"line":28,"column":4},"end":{"line":28,"column":14}},"3":{"start":{"line":33,"column":4},"end":{"line":60,"column":9}},"4":{"start":{"line":35,"column":8},"end":{"line":35,"column":19}},"5":{"start":{"line":37,"column":8},"end":{"line":49,"column":13}},"6":{"start":{"line":38,"column":12},"end":{"line":48,"column":13}},"7":{"start":{"line":39,"column":16},"end":{"line":42,"column":30}},"8":{"start":{"line":44,"column":16},"end":{"line":47,"column":27}},"9":{"start":{"line":51,"column":8},"end":{"line":53,"column":21}},"10":{"start":{"line":55,"column":8},"end":{"line":57,"column":45}},"11":{"start":{"line":59,"column":8},"end":{"line":59,"column":35}},"12":{"start":{"line":61,"column":4},"end":{"line":325,"column":5}},"13":{"start":{"line":69,"column":8},"end":{"line":121,"column":10},"skip":true},"14":{"start":{"line":70,"column":12},"end":{"line":88,"column":13},"skip":true},"15":{"start":{"line":76,"column":16},"end":{"line":87,"column":19},"skip":true},"16":{"start":{"line":79,"column":20},"end":{"line":86,"column":21},"skip":true},"17":{"start":{"line":82,"column":24},"end":{"line":82,"column":43},"skip":true},"18":{"start":{"line":83,"column":24},"end":{"line":83,"column":30},"skip":true},"19":{"start":{"line":85,"column":24},"end":{"line":85,"column":49},"skip":true},"20":{"start":{"line":89,"column":12},"end":{"line":107,"column":13},"skip":true},"21":{"start":{"line":92,"column":16},"end":{"line":102,"column":17},"skip":true},"22":{"start":{"line":93,"column":20},"end":{"line":93,"column":86},"skip":true},"23":{"start":{"line":94,"column":20},"end":{"line":95,"column":45},"skip":true},"24":{"start":{"line":96,"column":20},"end":{"line":96,"column":42},"skip":true},"25":{"start":{"line":97,"column":20},"end":{"line":97,"column":48},"skip":true},"26":{"start":{"line":100,"column":20},"end":{"line":100,"column":85},"skip":true},"27":{"start":{"line":101,"column":20},"end":{"line":101,"column":96},"skip":true},"28":{"start":{"line":103,"column":16},"end":{"line":103,"column":22},"skip":true},"29":{"start":{"line":106,"column":16},"end":{"line":106,"column":22},"skip":true},"30":{"start":{"line":108,"column":12},"end":{"line":120,"column":13},"skip":true},"31":{"start":{"line":114,"column":16},"end":{"line":119,"column":17},"skip":true},"32":{"start":{"line":116,"column":20},"end":{"line":116,"column":78},"skip":true},"33":{"start":{"line":118,"column":20},"end":{"line":118,"column":47},"skip":true},"34":{"start":{"line":123,"column":8},"end":{"line":141,"column":11},"skip":true},"35":{"start":{"line":124,"column":12},"end":{"line":124,"column":54},"skip":true},"36":{"start":{"line":125,"column":12},"end":{"line":140,"column":14},"skip":true},"37":{"start":{"line":126,"column":16},"end":{"line":126,"column":28},"skip":true},"38":{"start":{"line":127,"column":16},"end":{"line":127,"column":69},"skip":true},"39":{"start":{"line":128,"column":16},"end":{"line":128,"column":75},"skip":true},"40":{"start":{"line":129,"column":16},"end":{"line":131,"column":17},"skip":true},"41":{"start":{"line":130,"column":20},"end":{"line":130,"column":27},"skip":true},"42":{"start":{"line":133,"column":16},"end":{"line":137,"column":36},"skip":true},"43":{"start":{"line":134,"column":20},"end":{"line":136,"column":55},"skip":true},"44":{"start":{"line":139,"column":16},"end":{"line":139,"column":57},"skip":true},"45":{"start":{"line":143,"column":8},"end":{"line":147,"column":11},"skip":true},"46":{"start":{"line":144,"column":12},"end":{"line":146,"column":15},"skip":true},"47":{"start":{"line":145,"column":16},"end":{"line":145,"column":70},"skip":true},"48":{"start":{"line":149,"column":8},"end":{"line":149,"column":31},"skip":true},"49":{"start":{"line":150,"column":8},"end":{"line":150,"column":14},"skip":true},"50":{"start":{"line":158,"column":8},"end":{"line":158,"column":31},"skip":true},"51":{"start":{"line":160,"column":8},"end":{"line":160,"column":33},"skip":true},"52":{"start":{"line":161,"column":8},"end":{"line":161,"column":37},"skip":true},"53":{"start":{"line":162,"column":8},"end":{"line":162,"column":35},"skip":true},"54":{"start":{"line":164,"column":8},"end":{"line":164,"column":50},"skip":true},"55":{"start":{"line":166,"column":8},"end":{"line":256,"column":2},"skip":true},"56":{"start":{"line":258,"column":8},"end":{"line":286,"column":9},"skip":true},"57":{"start":{"line":259,"column":12},"end":{"line":269,"column":14},"skip":true},"58":{"start":{"line":271,"column":12},"end":{"line":285,"column":19},"skip":true},"59":{"start":{"line":274,"column":20},"end":{"line":274,"column":35},"skip":true},"60":{"start":{"line":275,"column":20},"end":{"line":284,"column":21},"skip":true},"61":{"start":{"line":277,"column":24},"end":{"line":277,"column":64},"skip":true},"62":{"start":{"line":279,"column":24},"end":{"line":279,"column":40},"skip":true},"63":{"start":{"line":281,"column":24},"end":{"line":281,"column":40},"skip":true},"64":{"start":{"line":283,"column":24},"end":{"line":283,"column":39},"skip":true},"65":{"start":{"line":288,"column":8},"end":{"line":290,"column":9},"skip":true},"66":{"start":{"line":289,"column":12},"end":{"line":289,"column":18},"skip":true},"67":{"start":{"line":291,"column":8},"end":{"line":293,"column":54},"skip":true},"68":{"start":{"line":296,"column":8},"end":{"line":301,"column":37},"skip":true},"69":{"start":{"line":303,"column":8},"end":{"line":303,"column":82},"skip":true},"70":{"start":{"line":306,"column":8},"end":{"line":308,"column":9},"skip":true},"71":{"start":{"line":307,"column":12},"end":{"line":307,"column":82},"skip":true},"72":{"start":{"line":310,"column":8},"end":{"line":312,"column":9},"skip":true},"73":{"start":{"line":311,"column":12},"end":{"line":311,"column":18},"skip":true},"74":{"start":{"line":313,"column":8},"end":{"line":313,"column":54},"skip":true},"75":{"start":{"line":314,"column":8},"end":{"line":314,"column":69},"skip":true},"76":{"start":{"line":315,"column":8},"end":{"line":323,"column":36},"skip":true},"77":{"start":{"line":316,"column":12},"end":{"line":316,"column":61},"skip":true},"78":{"start":{"line":317,"column":12},"end":{"line":320,"column":13},"skip":true},"79":{"start":{"line":318,"column":16},"end":{"line":318,"column":75},"skip":true},"80":{"start":{"line":319,"column":16},"end":{"line":319,"column":23},"skip":true},"81":{"start":{"line":321,"column":12},"end":{"line":321,"column":38},"skip":true},"82":{"start":{"line":322,"column":12},"end":{"line":322,"column":27},"skip":true},"83":{"start":{"line":324,"column":8},"end":{"line":324,"column":14},"skip":true}},"branchMap":{"1":{"line":39,"type":"binary-expr","locations":[{"start":{"line":39,"column":23},"end":{"line":39,"column":62}},{"start":{"line":40,"column":20},"end":{"line":40,"column":70}},{"start":{"line":41,"column":20},"end":{"line":41,"column":71}},{"start":{"line":42,"column":20},"end":{"line":42,"column":29}}]},"2":{"line":44,"type":"binary-expr","locations":[{"start":{"line":44,"column":23},"end":{"line":44,"column":37}},{"start":{"line":45,"column":20},"end":{"line":45,"column":61}},{"start":{"line":46,"column":20},"end":{"line":46,"column":70}},{"start":{"line":47,"column":20},"end":{"line":47,"column":26}}]},"3":{"line":51,"type":"cond-expr","locations":[{"start":{"line":52,"column":14},"end":{"line":52,"column":20}},{"start":{"line":53,"column":14},"end":{"line":53,"column":20}}]},"4":{"line":55,"type":"binary-expr","locations":[{"start":{"line":55,"column":16},"end":{"line":55,"column":44}},{"start":{"line":55,"column":49},"end":{"line":57,"column":43}}]},"5":{"line":55,"type":"cond-expr","locations":[{"start":{"line":56,"column":14},"end":{"line":56,"column":66}},{"start":{"line":57,"column":14},"end":{"line":57,"column":43}}]},"6":{"line":61,"type":"switch","locations":[{"start":{"line":68,"column":4},"end":{"line":150,"column":14},"skip":true},{"start":{"line":156,"column":4},"end":{"line":324,"column":14},"skip":true}]},"7":{"line":70,"type":"if","locations":[{"start":{"line":70,"column":12},"end":{"line":70,"column":12},"skip":true},{"start":{"line":70,"column":12},"end":{"line":70,"column":12},"skip":true}]},"8":{"line":70,"type":"binary-expr","locations":[{"start":{"line":70,"column":16},"end":{"line":70,"column":22},"skip":true},{"start":{"line":70,"column":27},"end":{"line":70,"column":32},"skip":true},{"start":{"line":71,"column":20},"end":{"line":71,"column":39},"skip":true},{"start":{"line":72,"column":20},"end":{"line":72,"column":49},"skip":true},{"start":{"line":73,"column":20},"end":{"line":73,"column":58},"skip":true},{"start":{"line":74,"column":20},"end":{"line":74,"column":69},"skip":true}]},"9":{"line":79,"type":"switch","locations":[{"start":{"line":80,"column":20},"end":{"line":80,"column":33},"skip":true},{"start":{"line":81,"column":20},"end":{"line":83,"column":30},"skip":true},{"start":{"line":84,"column":20},"end":{"line":85,"column":49},"skip":true}]},"10":{"line":89,"type":"switch","locations":[{"start":{"line":90,"column":12},"end":{"line":103,"column":22},"skip":true},{"start":{"line":105,"column":12},"end":{"line":106,"column":22},"skip":true}]},"11":{"line":89,"type":"binary-expr","locations":[{"start":{"line":89,"column":20},"end":{"line":89,"column":25},"skip":true},{"start":{"line":89,"column":29},"end":{"line":89,"column":48},"skip":true},{"start":{"line":89,"column":52},"end":{"line":89,"column":74},"skip":true}]},"12":{"line":92,"type":"if","locations":[{"start":{"line":92,"column":16},"end":{"line":92,"column":16},"skip":true},{"start":{"line":92,"column":16},"end":{"line":92,"column":16},"skip":true}]},"13":{"line":108,"type":"if","locations":[{"start":{"line":108,"column":12},"end":{"line":108,"column":12},"skip":true},{"start":{"line":108,"column":12},"end":{"line":108,"column":12},"skip":true}]},"14":{"line":108,"type":"binary-expr","locations":[{"start":{"line":108,"column":16},"end":{"line":108,"column":61},"skip":true},{"start":{"line":108,"column":66},"end":{"line":108,"column":72},"skip":true},{"start":{"line":108,"column":77},"end":{"line":108,"column":82},"skip":true},{"start":{"line":109,"column":20},"end":{"line":109,"column":39},"skip":true},{"start":{"line":110,"column":20},"end":{"line":110,"column":49},"skip":true},{"start":{"line":111,"column":20},"end":{"line":111,"column":58},"skip":true},{"start":{"line":112,"column":20},"end":{"line":112,"column":68},"skip":true}]},"15":{"line":129,"type":"if","locations":[{"start":{"line":129,"column":16},"end":{"line":129,"column":16},"skip":true},{"start":{"line":129,"column":16},"end":{"line":129,"column":16},"skip":true}]},"16":{"line":134,"type":"cond-expr","locations":[{"start":{"line":135,"column":26},"end":{"line":135,"column":29},"skip":true},{"start":{"line":136,"column":26},"end":{"line":136,"column":54},"skip":true}]},"17":{"line":164,"type":"binary-expr","locations":[{"start":{"line":164,"column":27},"end":{"line":164,"column":43},"skip":true},{"start":{"line":164,"column":47},"end":{"line":164,"column":49},"skip":true}]},"18":{"line":258,"type":"if","locations":[{"start":{"line":258,"column":8},"end":{"line":258,"column":8},"skip":true},{"start":{"line":258,"column":8},"end":{"line":258,"column":8},"skip":true}]},"19":{"line":275,"type":"switch","locations":[{"start":{"line":276,"column":20},"end":{"line":277,"column":64},"skip":true},{"start":{"line":278,"column":20},"end":{"line":279,"column":40},"skip":true},{"start":{"line":280,"column":20},"end":{"line":281,"column":40},"skip":true},{"start":{"line":282,"column":20},"end":{"line":283,"column":39},"skip":true}]},"20":{"line":288,"type":"if","locations":[{"start":{"line":288,"column":8},"end":{"line":288,"column":8},"skip":true},{"start":{"line":288,"column":8},"end":{"line":288,"column":8},"skip":true}]},"21":{"line":288,"type":"binary-expr","locations":[{"start":{"line":288,"column":12},"end":{"line":288,"column":40},"skip":true},{"start":{"line":288,"column":44},"end":{"line":288,"column":67},"skip":true}]},"22":{"line":292,"type":"binary-expr","locations":[{"start":{"line":292,"column":12},"end":{"line":292,"column":50},"skip":true},{"start":{"line":293,"column":12},"end":{"line":293,"column":53},"skip":true}]},"23":{"line":297,"type":"binary-expr","locations":[{"start":{"line":297,"column":12},"end":{"line":297,"column":80},"skip":true},{"start":{"line":298,"column":12},"end":{"line":301,"column":36},"skip":true}]},"24":{"line":303,"type":"binary-expr","locations":[{"start":{"line":303,"column":43},"end":{"line":303,"column":75},"skip":true},{"start":{"line":303,"column":79},"end":{"line":303,"column":81},"skip":true}]},"25":{"line":306,"type":"if","locations":[{"start":{"line":306,"column":8},"end":{"line":306,"column":8},"skip":true},{"start":{"line":306,"column":8},"end":{"line":306,"column":8},"skip":true}]},"26":{"line":310,"type":"if","locations":[{"start":{"line":310,"column":8},"end":{"line":310,"column":8},"skip":true},{"start":{"line":310,"column":8},"end":{"line":310,"column":8},"skip":true}]},"27":{"line":313,"type":"binary-expr","locations":[{"start":{"line":313,"column":27},"end":{"line":313,"column":43},"skip":true},{"start":{"line":313,"column":47},"end":{"line":313,"column":53},"skip":true}]},"28":{"line":317,"type":"if","locations":[{"start":{"line":317,"column":12},"end":{"line":317,"column":12},"skip":true},{"start":{"line":317,"column":12},"end":{"line":317,"column":12},"skip":true}]}},"code":["/*","example.js","","quickstart example","","instruction","    1. save this script as example.js","    2. run the shell command:","        $ npm install npmtest-eslint-plugin-standard && PORT=8081 node example.js","    3. play with the browser-demo on http://127.0.0.1:8081","*/","","","","/* istanbul instrument in package npmtest_eslint_plugin_standard */","/*jslint","    bitwise: true,","    browser: true,","    maxerr: 8,","    maxlen: 96,","    node: true,","    nomen: true,","    regexp: true,","    stupid: true","*/","(function () {","    'use strict';","    var local;","","","","    // run shared js-env code - pre-init","    (function () {","        // init local","        local = {};","        // init modeJs","        local.modeJs = (function () {","            try {","                return typeof navigator.userAgent === 'string' &&","                    typeof document.querySelector('body') === 'object' &&","                    typeof XMLHttpRequest.prototype.open === 'function' &&","                    'browser';","            } catch (errorCaughtBrowser) {","                return module.exports &&","                    typeof process.versions.node === 'string' &&","                    typeof require('http').createServer === 'function' &&","                    'node';","            }","        }());","        // init global","        local.global = local.modeJs === 'browser'","            ? window","            : global;","        // init utility2_rollup","        local = local.global.utility2_rollup || (local.modeJs === 'browser'","            ? local.global.utility2_npmtest_eslint_plugin_standard","            : global.utility2_moduleExports);","        // export local","        local.global.local = local;","    }());","    switch (local.modeJs) {","","","","    // post-init","    // run browser js-env code - post-init","    /* istanbul ignore next */","    case 'browser':","        local.testRunBrowser = function (event) {","            if (!event || (event &&","                    event.currentTarget &&","                    event.currentTarget.className &&","                    event.currentTarget.className.includes &&","                    event.currentTarget.className.includes('onreset'))) {","                // reset output","                Array.from(","                    document.querySelectorAll('body > .resettable')","                ).forEach(function (element) {","                    switch (element.tagName) {","                    case 'INPUT':","                    case 'TEXTAREA':","                        element.value = '';","                        break;","                    default:","                        element.textContent = '';","                    }","                });","            }","            switch (event && event.currentTarget && event.currentTarget.id) {","            case 'testRunButton1':","                // show tests","                if (document.querySelector('#testReportDiv1').style.display === 'none') {","                    document.querySelector('#testReportDiv1').style.display = 'block';","                    document.querySelector('#testRunButton1').textContent =","                        'hide internal test';","                    local.modeTest = true;","                    local.testRunDefault(local);","                // hide tests","                } else {","                    document.querySelector('#testReportDiv1').style.display = 'none';","                    document.querySelector('#testRunButton1').textContent = 'run internal test';","                }","                break;","            // custom-case","            default:","                break;","            }","            if (document.querySelector('#inputTextareaEval1') && (!event || (event &&","                    event.currentTarget &&","                    event.currentTarget.className &&","                    event.currentTarget.className.includes &&","                    event.currentTarget.className.includes('oneval')))) {","                // try to eval input-code","                try {","                    /*jslint evil: true*/","                    eval(document.querySelector('#inputTextareaEval1').value);","                } catch (errorCaught) {","                    console.error(errorCaught);","                }","            }","        };","        // log stderr and stdout to #outputTextareaStdout1","        ['error', 'log'].forEach(function (key) {","            console[key + '_original'] = console[key];","            console[key] = function () {","                var element;","                console[key + '_original'].apply(console, arguments);","                element = document.querySelector('#outputTextareaStdout1');","                if (!element) {","                    return;","                }","                // append text to #outputTextareaStdout1","                element.value += Array.from(arguments).map(function (arg) {","                    return typeof arg === 'string'","                        ? arg","                        : JSON.stringify(arg, null, 4);","                }).join(' ') + '\\n';","                // scroll textarea to bottom","                element.scrollTop = element.scrollHeight;","            };","        });","        // init event-handling","        ['change', 'click', 'keyup'].forEach(function (event) {","            Array.from(document.querySelectorAll('.on' + event)).forEach(function (element) {","                element.addEventListener(event, local.testRunBrowser);","            });","        });","        // run tests","        local.testRunBrowser();","        break;","","","","    // run node js-env code - post-init","    /* istanbul ignore next */","    case 'node':","        // export local","        module.exports = local;","        // require modules","        local.fs = require('fs');","        local.http = require('http');","        local.url = require('url');","        // init assets","        local.assetsDict = local.assetsDict || {};","        /* jslint-ignore-begin */","        local.assetsDict['/assets.index.template.html'] = '\\","<!doctype html>\\n\\","<html lang=\"en\">\\n\\","<head>\\n\\","<meta charset=\"UTF-8\">\\n\\","<meta name=\"viewport\" content=\"width=device-width, initial-scale=1\">\\n\\","<title>{{env.npm_package_name}} (v{{env.npm_package_version}})</title>\\n\\","<style>\\n\\","/*csslint\\n\\","    box-sizing: false,\\n\\","    universal-selector: false\\n\\","*/\\n\\","* {\\n\\","    box-sizing: border-box;\\n\\","}\\n\\","body {\\n\\","    background: #dde;\\n\\","    font-family: Arial, Helvetica, sans-serif;\\n\\","    margin: 2rem;\\n\\","}\\n\\","body > * {\\n\\","    margin-bottom: 1rem;\\n\\","}\\n\\",".utility2FooterDiv {\\n\\","    margin-top: 20px;\\n\\","    text-align: center;\\n\\","}\\n\\","</style>\\n\\","<style>\\n\\","/*csslint\\n\\","*/\\n\\","textarea {\\n\\","    font-family: monospace;\\n\\","    height: 10rem;\\n\\","    width: 100%;\\n\\","}\\n\\","textarea[readonly] {\\n\\","    background: #ddd;\\n\\","}\\n\\","</style>\\n\\","</head>\\n\\","<body>\\n\\","<!-- utility2-comment\\n\\","<div id=\"ajaxProgressDiv1\" style=\"background: #d00; height: 2px; left: 0; margin: 0; padding: 0; position: fixed; top: 0; transition: background 0.5s, width 1.5s; width: 25%;\"></div>\\n\\","utility2-comment -->\\n\\","<h1>\\n\\","<!-- utility2-comment\\n\\","    <a\\n\\","        {{#if env.npm_package_homepage}}\\n\\","        href=\"{{env.npm_package_homepage}}\"\\n\\","        {{/if env.npm_package_homepage}}\\n\\","        target=\"_blank\"\\n\\","    >\\n\\","utility2-comment -->\\n\\","        {{env.npm_package_name}} (v{{env.npm_package_version}})\\n\\","<!-- utility2-comment\\n\\","    </a>\\n\\","utility2-comment -->\\n\\","</h1>\\n\\","<h3>{{env.npm_package_description}}</h3>\\n\\","<!-- utility2-comment\\n\\","<h4><a download href=\"assets.app.js\">download standalone app</a></h4>\\n\\","<button class=\"onclick onreset\" id=\"testRunButton1\">run internal test</button><br>\\n\\","<div id=\"testReportDiv1\" style=\"display: none;\"></div>\\n\\","utility2-comment -->\\n\\","\\n\\","\\n\\","\\n\\","<label>stderr and stdout</label>\\n\\","<textarea class=\"resettable\" id=\"outputTextareaStdout1\" readonly></textarea>\\n\\","<!-- utility2-comment\\n\\","{{#if isRollup}}\\n\\","<script src=\"assets.app.js\"></script>\\n\\","{{#unless isRollup}}\\n\\","utility2-comment -->\\n\\","<script src=\"assets.utility2.rollup.js\"></script>\\n\\","<script src=\"jsonp.utility2._stateInit?callback=window.utility2._stateInit\"></script>\\n\\","<script src=\"assets.npmtest_eslint_plugin_standard.rollup.js\"></script>\\n\\","<script src=\"assets.example.js\"></script>\\n\\","<script src=\"assets.test.js\"></script>\\n\\","<!-- utility2-comment\\n\\","{{/if isRollup}}\\n\\","utility2-comment -->\\n\\","<div class=\"utility2FooterDiv\">\\n\\","    [ this app was created with\\n\\","    <a href=\"https://github.com/kaizhu256/node-utility2\" target=\"_blank\">utility2</a>\\n\\","    ]\\n\\","</div>\\n\\","</body>\\n\\","</html>\\n\\","';","        /* jslint-ignore-end */","        if (local.templateRender) {","            local.assetsDict['/'] = local.templateRender(","                local.assetsDict['/assets.index.template.html'],","                {","                    env: local.objectSetDefault(local.env, {","                        npm_package_description: 'the greatest app in the world!',","                        npm_package_name: 'my-app',","                        npm_package_nameAlias: 'my_app',","                        npm_package_version: '0.0.1'","                    })","                }","            );","        } else {","            local.assetsDict['/'] = local.assetsDict['/assets.index.template.html']","                .replace((/\\{\\{env\\.(\\w+?)\\}\\}/g), function (match0, match1) {","                    // jslint-hack","                    String(match0);","                    switch (match1) {","                    case 'npm_package_description':","                        return 'the greatest app in the world!';","                    case 'npm_package_name':","                        return 'my-app';","                    case 'npm_package_nameAlias':","                        return 'my_app';","                    case 'npm_package_version':","                        return '0.0.1';","                    }","                });","        }","        // run the cli","        if (local.global.utility2_rollup || module !== require.main) {","            break;","        }","        local.assetsDict['/assets.example.js'] =","            local.assetsDict['/assets.example.js'] ||","            local.fs.readFileSync(__filename, 'utf8');","        // bug-workaround - long $npm_package_buildCustomOrg","        /* jslint-ignore-begin */","        local.assetsDict['/assets.npmtest_eslint_plugin_standard.rollup.js'] =","            local.assetsDict['/assets.npmtest_eslint_plugin_standard.rollup.js'] ||","            local.fs.readFileSync(","                local.npmtest_eslint_plugin_standard.__dirname + '/lib.npmtest_eslint_plugin_standard.js',","                'utf8'","            ).replace((/^#!/), '//');","        /* jslint-ignore-end */","        local.assetsDict['/favicon.ico'] = local.assetsDict['/favicon.ico'] || '';","        // if $npm_config_timeout_exit exists,","        // then exit this process after $npm_config_timeout_exit ms","        if (Number(process.env.npm_config_timeout_exit)) {","            setTimeout(process.exit, Number(process.env.npm_config_timeout_exit));","        }","        // start server","        if (local.global.utility2_serverHttp1) {","            break;","        }","        process.env.PORT = process.env.PORT || '8081';","        console.error('server starting on port ' + process.env.PORT);","        local.http.createServer(function (request, response) {","            request.urlParsed = local.url.parse(request.url);","            if (local.assetsDict[request.urlParsed.pathname] !== undefined) {","                response.end(local.assetsDict[request.urlParsed.pathname]);","                return;","            }","            response.statusCode = 404;","            response.end();","        }).listen(process.env.PORT);","        break;","    }","}());",""],"l":{"26":2,"28":2,"33":2,"35":2,"37":2,"38":2,"39":2,"44":1,"51":2,"55":2,"59":2,"61":2,"69":1,"70":2,"76":2,"79":2,"82":2,"83":2,"85":1,"89":2,"92":1,"93":1,"94":1,"96":1,"97":1,"100":1,"101":1,"103":1,"106":1,"108":2,"114":1,"116":1,"118":1,"123":1,"124":2,"125":2,"126":3,"127":3,"128":3,"129":3,"130":1,"133":3,"134":3,"139":3,"143":1,"144":3,"145":1,"149":1,"150":1,"158":1,"160":1,"161":1,"162":1,"164":1,"166":1,"258":1,"259":1,"271":1,"274":6,"275":6,"277":1,"279":2,"281":1,"283":2,"288":1,"289":1,"291":1,"296":1,"303":1,"306":1,"307":1,"310":1,"311":1,"313":1,"314":1,"315":1,"316":1,"317":1,"318":1,"319":1,"321":1,"322":1,"324":1}},"/home/travis/build/npmtest/node-npmtest-eslint-plugin-standard/node_modules/eslint-plugin-standard/index.js":{"path":"/home/travis/build/npmtest/node-npmtest-eslint-plugin-standard/node_modules/eslint-plugin-standard/index.js","s":{"1":1},"b":{},"f":{},"fnMap":{},"statementMap":{"1":{"start":{"line":3,"column":0},"end":{"line":16,"column":1}}},"branchMap":{},"code":["'use strict'","","module.exports = {","  rules: {","    'array-bracket-even-spacing': require('./rules/array-bracket-even-spacing.js'),","    'computed-property-even-spacing': require('./rules/computed-property-even-spacing.js'),","    'object-curly-even-spacing': require('./rules/object-curly-even-spacing.js'),","    'no-callback-literal': require('./rules/no-callback-literal.js')","  },","  rulesConfig: {","    'object-curly-even-spacing': 0,","    'array-bracket-even-spacing': 0,","    'computed-property-even-spacing': 0,","    'no-callback-literal': 0","  }","}",""],"l":{"3":1}},"/home/travis/build/npmtest/node-npmtest-eslint-plugin-standard/node_modules/eslint-plugin-standard/rules/array-bracket-even-spacing.js":{"path":"/home/travis/build/npmtest/node-npmtest-eslint-plugin-standard/node_modules/eslint-plugin-standard/rules/array-bracket-even-spacing.js","s":{"1":1,"2":0,"3":0,"4":1,"5":0,"6":0,"7":1,"8":0,"9":1,"10":0,"11":1,"12":0,"13":1,"14":0,"15":1,"16":0,"17":1,"18":0,"19":1,"20":0,"21":0,"22":0,"23":1,"24":0,"25":0,"26":0,"27":0,"28":0,"29":0,"30":0,"31":0,"32":0,"33":0,"34":0,"35":0,"36":0,"37":0,"38":0,"39":0,"40":0,"41":0,"42":0,"43":0,"44":0,"45":0,"46":0,"47":0,"48":0},"b":{"1":[0,0],"2":[0,0],"3":[0,0],"4":[0,0],"5":[0,0,0,0,0,0],"6":[0,0],"7":[0,0,0,0,0,0],"8":[0,0],"9":[0,0],"10":[0,0],"11":[0,0],"12":[0,0],"13":[0,0],"14":[0,0],"15":[0,0],"16":[0,0],"17":[0,0],"18":[0,0],"19":[0,0],"20":[0,0]},"f":{"1":0,"2":0,"3":0,"4":0,"5":0,"6":0,"7":0,"8":0,"9":0,"10":0},"fnMap":{"1":{"name":"(anonymous_1)","line":20,"loc":{"start":{"line":20,"column":10},"end":{"line":20,"column":29}}},"2":{"name":"isOptionSet","line":31,"loc":{"start":{"line":31,"column":4},"end":{"line":31,"column":34}}},"3":{"name":"isSpaced","line":53,"loc":{"start":{"line":53,"column":4},"end":{"line":53,"column":36}}},"4":{"name":"isSameLine","line":63,"loc":{"start":{"line":63,"column":4},"end":{"line":63,"column":38}}},"5":{"name":"reportNoBeginningSpace","line":73,"loc":{"start":{"line":73,"column":4},"end":{"line":73,"column":50}}},"6":{"name":"reportNoEndingSpace","line":84,"loc":{"start":{"line":84,"column":4},"end":{"line":84,"column":47}}},"7":{"name":"reportRequiredBeginningSpace","line":95,"loc":{"start":{"line":95,"column":4},"end":{"line":95,"column":56}}},"8":{"name":"reportRequiredEndingSpace","line":106,"loc":{"start":{"line":106,"column":4},"end":{"line":106,"column":53}}},"9":{"name":"isEvenlySpacedAndNotTooLong","line":119,"loc":{"start":{"line":119,"column":4},"end":{"line":119,"column":60}}},"10":{"name":"validateArraySpacing","line":130,"loc":{"start":{"line":130,"column":4},"end":{"line":130,"column":41}}}},"statementMap":{"1":{"start":{"line":15,"column":0},"end":{"line":195,"column":1}},"2":{"start":{"line":21,"column":4},"end":{"line":21,"column":48}},"3":{"start":{"line":22,"column":4},"end":{"line":22,"column":48}},"4":{"start":{"line":31,"column":4},"end":{"line":33,"column":5}},"5":{"start":{"line":32,"column":6},"end":{"line":32,"column":88}},"6":{"start":{"line":35,"column":4},"end":{"line":41,"column":5}},"7":{"start":{"line":53,"column":4},"end":{"line":55,"column":5}},"8":{"start":{"line":54,"column":6},"end":{"line":54,"column":43}},"9":{"start":{"line":63,"column":4},"end":{"line":65,"column":5}},"10":{"start":{"line":64,"column":6},"end":{"line":64,"column":57}},"11":{"start":{"line":73,"column":4},"end":{"line":76,"column":5}},"12":{"start":{"line":74,"column":6},"end":{"line":75,"column":63}},"13":{"start":{"line":84,"column":4},"end":{"line":87,"column":5}},"14":{"start":{"line":85,"column":6},"end":{"line":86,"column":64}},"15":{"start":{"line":95,"column":4},"end":{"line":98,"column":5}},"16":{"start":{"line":96,"column":6},"end":{"line":97,"column":58}},"17":{"start":{"line":106,"column":4},"end":{"line":109,"column":5}},"18":{"start":{"line":107,"column":6},"end":{"line":108,"column":59}},"19":{"start":{"line":119,"column":4},"end":{"line":123,"column":5}},"20":{"start":{"line":120,"column":6},"end":{"line":120,"column":63}},"21":{"start":{"line":121,"column":6},"end":{"line":121,"column":54}},"22":{"start":{"line":122,"column":6},"end":{"line":122,"column":56}},"23":{"start":{"line":130,"column":4},"end":{"line":184,"column":5}},"24":{"start":{"line":131,"column":6},"end":{"line":133,"column":7}},"25":{"start":{"line":132,"column":8},"end":{"line":132,"column":14}},"26":{"start":{"line":135,"column":6},"end":{"line":135,"column":45}},"27":{"start":{"line":136,"column":6},"end":{"line":136,"column":49}},"28":{"start":{"line":137,"column":6},"end":{"line":137,"column":53}},"29":{"start":{"line":138,"column":6},"end":{"line":138,"column":43}},"30":{"start":{"line":140,"column":6},"end":{"line":144,"column":42}},"31":{"start":{"line":146,"column":6},"end":{"line":150,"column":42}},"32":{"start":{"line":153,"column":6},"end":{"line":165,"column":7}},"33":{"start":{"line":155,"column":8},"end":{"line":157,"column":9}},"34":{"start":{"line":156,"column":10},"end":{"line":156,"column":16}},"35":{"start":{"line":160,"column":8},"end":{"line":162,"column":9}},"36":{"start":{"line":161,"column":10},"end":{"line":161,"column":61}},"37":{"start":{"line":164,"column":8},"end":{"line":164,"column":14}},"38":{"start":{"line":167,"column":6},"end":{"line":174,"column":7}},"39":{"start":{"line":168,"column":8},"end":{"line":170,"column":9}},"40":{"start":{"line":169,"column":10},"end":{"line":169,"column":51}},"41":{"start":{"line":171,"column":8},"end":{"line":173,"column":9}},"42":{"start":{"line":172,"column":10},"end":{"line":172,"column":45}},"43":{"start":{"line":176,"column":6},"end":{"line":183,"column":7}},"44":{"start":{"line":177,"column":8},"end":{"line":179,"column":9}},"45":{"start":{"line":178,"column":10},"end":{"line":178,"column":47}},"46":{"start":{"line":180,"column":8},"end":{"line":182,"column":9}},"47":{"start":{"line":181,"column":10},"end":{"line":181,"column":41}},"48":{"start":{"line":190,"column":4},"end":{"line":193,"column":5}}},"branchMap":{"1":{"line":32,"type":"cond-expr","locations":[{"start":{"line":32,"column":42},"end":{"line":32,"column":80}},{"start":{"line":32,"column":83},"end":{"line":32,"column":88}}]},"2":{"line":122,"type":"binary-expr","locations":[{"start":{"line":122,"column":13},"end":{"line":122,"column":39}},{"start":{"line":122,"column":43},"end":{"line":122,"column":56}}]},"3":{"line":131,"type":"if","locations":[{"start":{"line":131,"column":6},"end":{"line":131,"column":6}},{"start":{"line":131,"column":6},"end":{"line":131,"column":6}}]},"4":{"line":141,"type":"cond-expr","locations":[{"start":{"line":144,"column":10},"end":{"line":144,"column":25}},{"start":{"line":144,"column":28},"end":{"line":144,"column":42}}]},"5":{"line":141,"type":"binary-expr","locations":[{"start":{"line":141,"column":7},"end":{"line":141,"column":39}},{"start":{"line":141,"column":43},"end":{"line":141,"column":63}},{"start":{"line":142,"column":7},"end":{"line":142,"column":38}},{"start":{"line":142,"column":42},"end":{"line":142,"column":62}},{"start":{"line":143,"column":7},"end":{"line":143,"column":37}},{"start":{"line":143,"column":41},"end":{"line":143,"column":67}}]},"6":{"line":147,"type":"cond-expr","locations":[{"start":{"line":150,"column":10},"end":{"line":150,"column":25}},{"start":{"line":150,"column":28},"end":{"line":150,"column":42}}]},"7":{"line":147,"type":"binary-expr","locations":[{"start":{"line":147,"column":7},"end":{"line":147,"column":39}},{"start":{"line":147,"column":43},"end":{"line":147,"column":68}},{"start":{"line":148,"column":7},"end":{"line":148,"column":38}},{"start":{"line":148,"column":42},"end":{"line":148,"column":67}},{"start":{"line":149,"column":7},"end":{"line":149,"column":37}},{"start":{"line":149,"column":41},"end":{"line":149,"column":67}}]},"8":{"line":153,"type":"if","locations":[{"start":{"line":153,"column":6},"end":{"line":153,"column":6}},{"start":{"line":153,"column":6},"end":{"line":153,"column":6}}]},"9":{"line":155,"type":"if","locations":[{"start":{"line":155,"column":8},"end":{"line":155,"column":8}},{"start":{"line":155,"column":8},"end":{"line":155,"column":8}}]},"10":{"line":160,"type":"if","locations":[{"start":{"line":160,"column":8},"end":{"line":160,"column":8}},{"start":{"line":160,"column":8},"end":{"line":160,"column":8}}]},"11":{"line":167,"type":"if","locations":[{"start":{"line":167,"column":6},"end":{"line":167,"column":6}},{"start":{"line":167,"column":6},"end":{"line":167,"column":6}}]},"12":{"line":168,"type":"if","locations":[{"start":{"line":168,"column":8},"end":{"line":168,"column":8}},{"start":{"line":168,"column":8},"end":{"line":168,"column":8}}]},"13":{"line":168,"type":"binary-expr","locations":[{"start":{"line":168,"column":12},"end":{"line":168,"column":38}},{"start":{"line":168,"column":42},"end":{"line":168,"column":66}}]},"14":{"line":171,"type":"if","locations":[{"start":{"line":171,"column":8},"end":{"line":171,"column":8}},{"start":{"line":171,"column":8},"end":{"line":171,"column":8}}]},"15":{"line":171,"type":"binary-expr","locations":[{"start":{"line":171,"column":12},"end":{"line":171,"column":39}},{"start":{"line":171,"column":43},"end":{"line":171,"column":66}}]},"16":{"line":176,"type":"if","locations":[{"start":{"line":176,"column":6},"end":{"line":176,"column":6}},{"start":{"line":176,"column":6},"end":{"line":176,"column":6}}]},"17":{"line":177,"type":"if","locations":[{"start":{"line":177,"column":8},"end":{"line":177,"column":8}},{"start":{"line":177,"column":8},"end":{"line":177,"column":8}}]},"18":{"line":177,"type":"binary-expr","locations":[{"start":{"line":177,"column":12},"end":{"line":177,"column":38}},{"start":{"line":177,"column":42},"end":{"line":177,"column":70}}]},"19":{"line":180,"type":"if","locations":[{"start":{"line":180,"column":8},"end":{"line":180,"column":8}},{"start":{"line":180,"column":8},"end":{"line":180,"column":8}}]},"20":{"line":180,"type":"binary-expr","locations":[{"start":{"line":180,"column":12},"end":{"line":180,"column":39}},{"start":{"line":180,"column":43},"end":{"line":180,"column":70}}]}},"code":["'use strict'","","/**"," * @fileoverview Disallows or enforces spaces inside of array brackets."," * @author Jamund Ferguson"," * @copyright 2015 Jamund Ferguson. All rights reserved."," * @copyright 2014 Brandyn Bennett. All rights reserved."," * @copyright 2014 Michael Ficarra. No rights reserved."," * @copyright 2014 Vignesh Anand. All rights reserved."," */","// ------------------------------------------------------------------------------","// Rule Definition","// ------------------------------------------------------------------------------","","module.exports = {","  meta: {","    docs: {}","  },","","  create: function (context) {","    var spaced = context.options[0] === 'always'","    var either = context.options[0] === 'either'","","    /**","     * Determines whether an option is set, relative to the spacing option.","     * If spaced is \"always\", then check whether option is set to false.","     * If spaced is \"never\", then check whether option is set to true.","     * @param {Object} option - The option to exclude.","     * @returns {boolean} Whether or not the property is excluded.","     */","    function isOptionSet (option) {","      return context.options[1] != null ? context.options[1][option] === !spaced : false","    }","","    var options = {","      either: either,","      spaced: spaced,","      singleElementException: isOptionSet('singleValue'),","      objectsInArraysException: isOptionSet('objectsInArrays'),","      arraysInArraysException: isOptionSet('arraysInArrays')","    }","","    // --------------------------------------------------------------------------","    // Helpers","    // --------------------------------------------------------------------------","","    /**","     * Determines whether two adjacent tokens are have whitespace between them.","     * @param {Object} left - The left token object.","     * @param {Object} right - The right token object.","     * @returns {boolean} Whether or not there is space between the tokens.","     */","    function isSpaced (left, right) {","      return left.range[1] < right.range[0]","    }","","    /**","     * Determines whether two adjacent tokens are on the same line.","     * @param {Object} left - The left token object.","     * @param {Object} right - The right token object.","     * @returns {boolean} Whether or not the tokens are on the same line.","     */","    function isSameLine (left, right) {","      return left.loc.start.line === right.loc.start.line","    }","","    /**","     * Reports that there shouldn't be a space after the first token","     * @param {ASTNode} node - The node to report in the event of an error.","     * @param {Token} token - The token to use for the report.","     * @returns {void}","     */","    function reportNoBeginningSpace (node, token) {","      context.report(node, token.loc.start,","        \"There should be no space after '\" + token.value + \"'\")","    }","","    /**","     * Reports that there shouldn't be a space before the last token","     * @param {ASTNode} node - The node to report in the event of an error.","     * @param {Token} token - The token to use for the report.","     * @returns {void}","     */","    function reportNoEndingSpace (node, token) {","      context.report(node, token.loc.start,","        \"There should be no space before '\" + token.value + \"'\")","    }","","    /**","     * Reports that there should be a space after the first token","     * @param {ASTNode} node - The node to report in the event of an error.","     * @param {Token} token - The token to use for the report.","     * @returns {void}","     */","    function reportRequiredBeginningSpace (node, token) {","      context.report(node, token.loc.start,","        \"A space is required after '\" + token.value + \"'\")","    }","","    /**","     * Reports that there should be a space before the last token","     * @param {ASTNode} node - The node to report in the event of an error.","     * @param {Token} token - The token to use for the report.","     * @returns {void}","     */","    function reportRequiredEndingSpace (node, token) {","      context.report(node, token.loc.start,","        \"A space is required before '\" + token.value + \"'\")","    }","","    /**","     * Checks if a start and end brace in a node are spaced evenly","     * and not too long (>1 space)","     * @param node","     * @param start","     * @param end","     * @returns {boolean}","     */","    function isEvenlySpacedAndNotTooLong (node, start, end) {","      var expectedSpace = start[1].range[0] - start[0].range[1]","      var endSpace = end[1].range[0] - end[0].range[1]","      return endSpace === expectedSpace && endSpace <= 1","    }","","    /**","     * Validates the spacing around array brackets","     * @param {ASTNode} node - The node we're checking for spacing","     * @returns {void}","     */","    function validateArraySpacing (node) {","      if (node.elements.length === 0) {","        return","      }","","      var first = context.getFirstToken(node)","      var second = context.getFirstToken(node, 1)","      var penultimate = context.getLastToken(node, 1)","      var last = context.getLastToken(node)","","      var openingBracketMustBeSpaced =","      (options.objectsInArraysException && second.value === '{') ||","      (options.arraysInArraysException && second.value === '[') ||","      (options.singleElementException && node.elements.length === 1)","        ? !options.spaced : options.spaced","","      var closingBracketMustBeSpaced =","      (options.objectsInArraysException && penultimate.value === '}') ||","      (options.arraysInArraysException && penultimate.value === ']') ||","      (options.singleElementException && node.elements.length === 1)","        ? !options.spaced : options.spaced","","      // we only care about evenly spaced things","      if (options.either) {","        // newlines at any point means return","        if (!isSameLine(first, last)) {","          return","        }","","        // confirm that the object expression/literal is spaced evenly","        if (!isEvenlySpacedAndNotTooLong(node, [first, second], [penultimate, last])) {","          context.report(node, 'Expected consistent spacing')","        }","","        return","      }","","      if (isSameLine(first, second)) {","        if (openingBracketMustBeSpaced && !isSpaced(first, second)) {","          reportRequiredBeginningSpace(node, first)","        }","        if (!openingBracketMustBeSpaced && isSpaced(first, second)) {","          reportNoBeginningSpace(node, first)","        }","      }","","      if (isSameLine(penultimate, last)) {","        if (closingBracketMustBeSpaced && !isSpaced(penultimate, last)) {","          reportRequiredEndingSpace(node, last)","        }","        if (!closingBracketMustBeSpaced && isSpaced(penultimate, last)) {","          reportNoEndingSpace(node, last)","        }","      }","    }","","    // --------------------------------------------------------------------------","    // Public","    // --------------------------------------------------------------------------","","    return {","      ArrayPattern: validateArraySpacing,","      ArrayExpression: validateArraySpacing","    }","  }","}",""],"l":{"15":1,"21":0,"22":0,"31":1,"32":0,"35":0,"53":1,"54":0,"63":1,"64":0,"73":1,"74":0,"84":1,"85":0,"95":1,"96":0,"106":1,"107":0,"119":1,"120":0,"121":0,"122":0,"130":1,"131":0,"132":0,"135":0,"136":0,"137":0,"138":0,"140":0,"146":0,"153":0,"155":0,"156":0,"160":0,"161":0,"164":0,"167":0,"168":0,"169":0,"171":0,"172":0,"176":0,"177":0,"178":0,"180":0,"181":0,"190":0}},"/home/travis/build/npmtest/node-npmtest-eslint-plugin-standard/node_modules/eslint-plugin-standard/rules/computed-property-even-spacing.js":{"path":"/home/travis/build/npmtest/node-npmtest-eslint-plugin-standard/node_modules/eslint-plugin-standard/rules/computed-property-even-spacing.js","s":{"1":1,"2":0,"3":0,"4":1,"5":0,"6":1,"7":0,"8":1,"9":0,"10":1,"11":0,"12":1,"13":0,"14":1,"15":0,"16":1,"17":0,"18":0,"19":0,"20":0,"21":0,"22":0,"23":0,"24":0,"25":0,"26":0,"27":0,"28":0,"29":0,"30":0,"31":0,"32":0,"33":0,"34":0,"35":0,"36":0,"37":0,"38":0,"39":0,"40":0,"41":0,"42":0,"43":0,"44":0,"45":0,"46":0,"47":0},"b":{"1":[0,0],"2":[0,0],"3":[0,0],"4":[0,0],"5":[0,0],"6":[0,0],"7":[0,0],"8":[0,0],"9":[0,0],"10":[0,0],"11":[0,0],"12":[0,0],"13":[0,0],"14":[0,0],"15":[0,0]},"f":{"1":0,"2":0,"3":0,"4":0,"5":0,"6":0,"7":0,"8":0,"9":0},"fnMap":{"1":{"name":"(anonymous_1)","line":17,"loc":{"start":{"line":17,"column":10},"end":{"line":17,"column":29}}},"2":{"name":"isSpaced","line":31,"loc":{"start":{"line":31,"column":4},"end":{"line":31,"column":36}}},"3":{"name":"isSameLine","line":41,"loc":{"start":{"line":41,"column":4},"end":{"line":41,"column":38}}},"4":{"name":"reportNoBeginningSpace","line":51,"loc":{"start":{"line":51,"column":4},"end":{"line":51,"column":50}}},"5":{"name":"reportNoEndingSpace","line":62,"loc":{"start":{"line":62,"column":4},"end":{"line":62,"column":47}}},"6":{"name":"reportRequiredBeginningSpace","line":73,"loc":{"start":{"line":73,"column":4},"end":{"line":73,"column":56}}},"7":{"name":"reportRequiredEndingSpace","line":84,"loc":{"start":{"line":84,"column":4},"end":{"line":84,"column":53}}},"8":{"name":"checkSpacing","line":95,"loc":{"start":{"line":95,"column":4},"end":{"line":95,"column":41}}},"9":{"name":"(anonymous_9)","line":96,"loc":{"start":{"line":96,"column":13},"end":{"line":96,"column":29}}}},"statementMap":{"1":{"start":{"line":12,"column":0},"end":{"line":159,"column":1}},"2":{"start":{"line":18,"column":4},"end":{"line":18,"column":66}},"3":{"start":{"line":19,"column":4},"end":{"line":19,"column":62}},"4":{"start":{"line":31,"column":4},"end":{"line":33,"column":5}},"5":{"start":{"line":32,"column":6},"end":{"line":32,"column":43}},"6":{"start":{"line":41,"column":4},"end":{"line":43,"column":5}},"7":{"start":{"line":42,"column":6},"end":{"line":42,"column":57}},"8":{"start":{"line":51,"column":4},"end":{"line":54,"column":5}},"9":{"start":{"line":52,"column":6},"end":{"line":53,"column":63}},"10":{"start":{"line":62,"column":4},"end":{"line":65,"column":5}},"11":{"start":{"line":63,"column":6},"end":{"line":64,"column":64}},"12":{"start":{"line":73,"column":4},"end":{"line":76,"column":5}},"13":{"start":{"line":74,"column":6},"end":{"line":75,"column":58}},"14":{"start":{"line":84,"column":4},"end":{"line":87,"column":5}},"15":{"start":{"line":85,"column":6},"end":{"line":86,"column":59}},"16":{"start":{"line":95,"column":4},"end":{"line":148,"column":5}},"17":{"start":{"line":96,"column":6},"end":{"line":147,"column":7}},"18":{"start":{"line":97,"column":8},"end":{"line":99,"column":9}},"19":{"start":{"line":98,"column":10},"end":{"line":98,"column":16}},"20":{"start":{"line":101,"column":8},"end":{"line":101,"column":41}},"21":{"start":{"line":103,"column":8},"end":{"line":103,"column":53}},"22":{"start":{"line":104,"column":8},"end":{"line":104,"column":51}},"23":{"start":{"line":105,"column":8},"end":{"line":105,"column":49}},"24":{"start":{"line":106,"column":8},"end":{"line":106,"column":51}},"25":{"start":{"line":107,"column":8},"end":{"line":107,"column":32}},"26":{"start":{"line":109,"column":8},"end":{"line":122,"column":9}},"27":{"start":{"line":110,"column":10},"end":{"line":113,"column":11}},"28":{"start":{"line":111,"column":12},"end":{"line":111,"column":79}},"29":{"start":{"line":112,"column":12},"end":{"line":112,"column":18}},"30":{"start":{"line":114,"column":10},"end":{"line":114,"column":69}},"31":{"start":{"line":115,"column":10},"end":{"line":115,"column":65}},"32":{"start":{"line":117,"column":10},"end":{"line":119,"column":11}},"33":{"start":{"line":118,"column":12},"end":{"line":118,"column":77}},"34":{"start":{"line":121,"column":10},"end":{"line":121,"column":16}},"35":{"start":{"line":124,"column":8},"end":{"line":134,"column":9}},"36":{"start":{"line":125,"column":10},"end":{"line":133,"column":11}},"37":{"start":{"line":126,"column":12},"end":{"line":128,"column":13}},"38":{"start":{"line":127,"column":14},"end":{"line":127,"column":56}},"39":{"start":{"line":130,"column":12},"end":{"line":132,"column":13}},"40":{"start":{"line":131,"column":14},"end":{"line":131,"column":50}},"41":{"start":{"line":136,"column":8},"end":{"line":146,"column":9}},"42":{"start":{"line":137,"column":10},"end":{"line":145,"column":11}},"43":{"start":{"line":138,"column":12},"end":{"line":140,"column":13}},"44":{"start":{"line":139,"column":14},"end":{"line":139,"column":52}},"45":{"start":{"line":142,"column":12},"end":{"line":144,"column":13}},"46":{"start":{"line":143,"column":14},"end":{"line":143,"column":46}},"47":{"start":{"line":154,"column":4},"end":{"line":157,"column":5}}},"branchMap":{"1":{"line":97,"type":"if","locations":[{"start":{"line":97,"column":8},"end":{"line":97,"column":8}},{"start":{"line":97,"column":8},"end":{"line":97,"column":8}}]},"2":{"line":109,"type":"if","locations":[{"start":{"line":109,"column":8},"end":{"line":109,"column":8}},{"start":{"line":109,"column":8},"end":{"line":109,"column":8}}]},"3":{"line":110,"type":"if","locations":[{"start":{"line":110,"column":10},"end":{"line":110,"column":10}},{"start":{"line":110,"column":10},"end":{"line":110,"column":10}}]},"4":{"line":117,"type":"if","locations":[{"start":{"line":117,"column":10},"end":{"line":117,"column":10}},{"start":{"line":117,"column":10},"end":{"line":117,"column":10}}]},"5":{"line":117,"type":"binary-expr","locations":[{"start":{"line":117,"column":14},"end":{"line":117,"column":37}},{"start":{"line":117,"column":41},"end":{"line":117,"column":55}}]},"6":{"line":124,"type":"if","locations":[{"start":{"line":124,"column":8},"end":{"line":124,"column":8}},{"start":{"line":124,"column":8},"end":{"line":124,"column":8}}]},"7":{"line":125,"type":"if","locations":[{"start":{"line":125,"column":10},"end":{"line":125,"column":10}},{"start":{"line":125,"column":10},"end":{"line":125,"column":10}}]},"8":{"line":126,"type":"if","locations":[{"start":{"line":126,"column":12},"end":{"line":126,"column":12}},{"start":{"line":126,"column":12},"end":{"line":126,"column":12}}]},"9":{"line":126,"type":"binary-expr","locations":[{"start":{"line":126,"column":16},"end":{"line":126,"column":40}},{"start":{"line":126,"column":44},"end":{"line":126,"column":69}}]},"10":{"line":130,"type":"if","locations":[{"start":{"line":130,"column":12},"end":{"line":130,"column":12}},{"start":{"line":130,"column":12},"end":{"line":130,"column":12}}]},"11":{"line":136,"type":"if","locations":[{"start":{"line":136,"column":8},"end":{"line":136,"column":8}},{"start":{"line":136,"column":8},"end":{"line":136,"column":8}}]},"12":{"line":137,"type":"if","locations":[{"start":{"line":137,"column":10},"end":{"line":137,"column":10}},{"start":{"line":137,"column":10},"end":{"line":137,"column":10}}]},"13":{"line":138,"type":"if","locations":[{"start":{"line":138,"column":12},"end":{"line":138,"column":12}},{"start":{"line":138,"column":12},"end":{"line":138,"column":12}}]},"14":{"line":138,"type":"binary-expr","locations":[{"start":{"line":138,"column":16},"end":{"line":138,"column":38}},{"start":{"line":138,"column":42},"end":{"line":138,"column":65}}]},"15":{"line":142,"type":"if","locations":[{"start":{"line":142,"column":12},"end":{"line":142,"column":12}},{"start":{"line":142,"column":12},"end":{"line":142,"column":12}}]}},"code":["'use strict'","","/**"," * @fileoverview Disallows or enforces spaces inside computed properties."," * @author Jamund Ferguson"," * @copyright 2015 Jamund Ferguson. All rights reserved."," */","// ------------------------------------------------------------------------------","// Rule Definition","// ------------------------------------------------------------------------------","","module.exports = {","  meta: {","    docs: {}","  },","","  create: function (context) {","    var propertyNameMustBeSpaced = context.options[0] === 'always' // default is \"never\"","    var propertyNameMustBeEven = context.options[0] === 'even' // default is \"never\"","","    // --------------------------------------------------------------------------","    // Helpers","    // --------------------------------------------------------------------------","","    /**","     * Determines whether two adjacent tokens are have whitespace between them.","     * @param {Object} left - The left token object.","     * @param {Object} right - The right token object.","     * @returns {boolean} Whether or not there is space between the tokens.","     */","    function isSpaced (left, right) {","      return left.range[1] < right.range[0]","    }","","    /**","     * Determines whether two adjacent tokens are on the same line.","     * @param {Object} left - The left token object.","     * @param {Object} right - The right token object.","     * @returns {boolean} Whether or not the tokens are on the same line.","     */","    function isSameLine (left, right) {","      return left.loc.start.line === right.loc.start.line","    }","","    /**","     * Reports that there shouldn't be a space after the first token","     * @param {ASTNode} node - The node to report in the event of an error.","     * @param {Token} token - The token to use for the report.","     * @returns {void}","     */","    function reportNoBeginningSpace (node, token) {","      context.report(node, token.loc.start,","        \"There should be no space after '\" + token.value + \"'\")","    }","","    /**","     * Reports that there shouldn't be a space before the last token","     * @param {ASTNode} node - The node to report in the event of an error.","     * @param {Token} token - The token to use for the report.","     * @returns {void}","     */","    function reportNoEndingSpace (node, token) {","      context.report(node, token.loc.start,","        \"There should be no space before '\" + token.value + \"'\")","    }","","    /**","     * Reports that there should be a space after the first token","     * @param {ASTNode} node - The node to report in the event of an error.","     * @param {Token} token - The token to use for the report.","     * @returns {void}","     */","    function reportRequiredBeginningSpace (node, token) {","      context.report(node, token.loc.start,","        \"A space is required after '\" + token.value + \"'\")","    }","","    /**","     * Reports that there should be a space before the last token","     * @param {ASTNode} node - The node to report in the event of an error.","     * @param {Token} token - The token to use for the report.","     * @returns {void}","     */","    function reportRequiredEndingSpace (node, token) {","      context.report(node, token.loc.start,","        \"A space is required before '\" + token.value + \"'\")","    }","","    /**","     * Returns a function that checks the spacing of a node on the property name","     * that was passed in.","     * @param {String} propertyName The property on the node to check for spacing","     * @returns {Function} A function that will check spacing on a node","     */","    function checkSpacing (propertyName) {","      return function (node) {","        if (!node.computed) {","          return","       
[...]
{"line":159,"column":8},"end":{"line":159,"column":8}}]},"12":{"line":159,"type":"binary-expr","locations":[{"start":{"line":159,"column":12},"end":{"line":159,"column":27}},{"start":{"line":159,"column":31},"end":{"line":159,"column":54}}]},"13":{"line":165,"type":"if","locations":[{"start":{"line":165,"column":6},"end":{"line":165,"column":6}},{"start":{"line":165,"column":6},"end":{"line":165,"column":6}}]},"14":{"line":166,"type":"if","locations":[{"start":{"line":166,"column":8},"end":{"line":166,"column":8}},{"start":{"line":166,"column":8},"end":{"line":166,"column":8}}]},"15":{"line":166,"type":"binary-expr","locations":[{"start":{"line":166,"column":12},"end":{"line":166,"column":41}},{"start":{"line":166,"column":45},"end":{"line":166,"column":73}}]},"16":{"line":169,"type":"if","locations":[{"start":{"line":169,"column":8},"end":{"line":169,"column":8}},{"start":{"line":169,"column":8},"end":{"line":169,"column":8}}]},"17":{"line":169,"type":"binary-expr","locations":[{"start":{"line":169,"column":12},"end":{"line":169,"column":42}},{"start":{"line":169,"column":46},"end":{"line":169,"column":73}}]},"18":{"line":182,"type":"if","locations":[{"start":{"line":182,"column":8},"end":{"line":182,"column":8}},{"start":{"line":182,"column":8},"end":{"line":182,"column":8}}]},"19":{"line":195,"type":"if","locations":[{"start":{"line":195,"column":8},"end":{"line":195,"column":8}},{"start":{"line":195,"column":8},"end":{"line":195,"column":8}}]},"20":{"line":209,"type":"if","locations":[{"start":{"line":209,"column":8},"end":{"line":209,"column":8}},{"start":{"line":209,"column":8},"end":{"line":209,"column":8}}]},"21":{"line":209,"type":"binary-expr","locations":[{"start":{"line":209,"column":12},"end":{"line":209,"column":26}},{"start":{"line":209,"column":30},"end":{"line":209,"column":43}},{"start":{"line":209,"column":47},"end":{"line":209,"column":88}},{"start":{"line":209,"column":92},"end":{"line":209,"column":132}}]},"22":{"line":221,"type":"if","locations":[{"start":{"line":221,"column":8},"end":{"line":221,"column":8}},{"start":{"line":221,"column":8},"end":{"line":221,"column":8}}]},"23":{"line":237,"type":"if","locations":[{"start":{"line":237,"column":8},"end":{"line":237,"column":8}},{"start":{"line":237,"column":8},"end":{"line":237,"column":8}}]}},"code":["'use strict'","","/**"," * @fileoverview Disallows or enforces spaces inside of object literals."," * @author Jamund Ferguson"," * @copyright 2014 Brandyn Bennett. All rights reserved."," * @copyright 2014 Michael Ficarra. No rights reserved."," * @copyright 2014 Vignesh Anand. All rights reserved."," * @copyright 2015 Jamund Ferguson. All rights reserved."," */","// ------------------------------------------------------------------------------","// Rule Definition","// ------------------------------------------------------------------------------","","module.exports = {","  meta: {","    docs: {}","  },","","  create: function (context) {","    var spaced = context.options[0] === 'always'","    var either = context.options[0] === 'either'","","    /**","     * Determines whether an option is set, relative to the spacing option.","     * If spaced is \"always\", then check whether option is set to false.","     * If spaced is \"never\", then check whether option is set to true.","     * @param {Object} option - The option to exclude.","     * @returns {boolean} Whether or not the property is excluded.","     */","    function isOptionSet (option) {","      return context.options[1] != null ? context.options[1][option] === !spaced : false","    }","","    var options = {","      spaced: spaced,","      either: either,","      arraysInObjectsException: isOptionSet('arraysInObjects'),","      objectsInObjectsException: isOptionSet('objectsInObjects')","    }","","    // --------------------------------------------------------------------------","    // Helpers","    // --------------------------------------------------------------------------","","    /**","     * Determines whether two adjacent tokens are have whitespace between them.","     * @param {Object} left - The left token object.","     * @param {Object} right - The right token object.","     * @returns {boolean} Whether or not there is space between the tokens.","     */","    function isSpaced (left, right) {","      return left.range[1] < right.range[0]","    }","","    /**","     * Determines whether two adjacent tokens are on the same line.","     * @param {Object} left - The left token object.","     * @param {Object} right - The right token object.","     * @returns {boolean} Whether or not the tokens are on the same line.","     */","    function isSameLine (left, right) {","      return left.loc.start.line === right.loc.start.line","    }","","    /**","     * Reports that there shouldn't be a space after the first token","     * @param {ASTNode} node - The node to report in the event of an error.","     * @param {Token} token - The token to use for the report.","     * @returns {void}","     */","    function reportNoBeginningSpace (node, token) {","      context.report(node, token.loc.start,","        \"There should be no space after '\" + token.value + \"'\")","    }","","    /**","     * Reports that there shouldn't be a space before the last token","     * @param {ASTNode} node - The node to report in the event of an error.","     * @param {Token} token - The token to use for the report.","     * @returns {void}","     */","    function reportNoEndingSpace (node, token) {","      context.report(node, token.loc.start,","        \"There should be no space before '\" + token.value + \"'\")","    }","","    /**","     * Reports that there should be a space after the first token","     * @param {ASTNode} node - The node to report in the event of an error.","     * @param {Token} token - The token to use for the report.","     * @returns {void}","     */","    function reportRequiredBeginningSpace (node, token) {","      context.report(node, token.loc.start,","        \"A space is required after '\" + token.value + \"'\")","    }","","    /**","     * Reports that there should be a space before the last token","     * @param {ASTNode} node - The node to report in the event of an error.","     * @param {Token} token - The token to use for the report.","     * @returns {void}","     */","    function reportRequiredEndingSpace (node, token) {","      context.report(node, token.loc.start,","        \"A space is required before '\" + token.value + \"'\")","    }","","    /**","     * Checks if a start and end brace in a node are spaced evenly","     * and not too long (>1 space)","     * @param node","     * @param start","     * @param end","     * @returns {boolean}","     */","    function isEvenlySpacedAndNotTooLong (node, start, end) {","      var expectedSpace = start[1].range[0] - start[0].range[1]","      var endSpace = end[1].range[0] - end[0].range[1]","      return endSpace === expectedSpace && endSpace <= 1","    }","","    /**","     * Determines if spacing in curly braces is valid.","     * @param {ASTNode} node The AST node to check.","     * @param {Token} first The first token to check (should be the opening brace)","     * @param {Token} second The second token to check (should be first after the opening brace)","     * @param {Token} penultimate The penultimate token to check (should be last before closing brace)","     * @param {Token} last The last token to check (should be closing brace)","     * @returns {void}","     */","    function validateBraceSpacing (node, first, second, penultimate, last) {","      var closingCurlyBraceMustBeSpaced =","      (options.arraysInObjectsException && penultimate.value === ']') ||","      (options.objectsInObjectsException && penultimate.value === '}')","        ? !options.spaced : options.spaced","","      // we only care about evenly spaced things","      if (options.either) {","        // newlines at any point means return","        if (!isSameLine(first, last)) {","          return","        }","","        // confirm that the object expression/literal is spaced evenly","        if (!isEvenlySpacedAndNotTooLong(node, [first, second], [penultimate, last])) {","          context.report(node, 'Expected consistent spacing')","        }","","        return","      }","","      // { and key are on same line","      if (isSameLine(first, second)) {","        if (options.spaced && !isSpaced(first, second)) {","          reportRequiredBeginningSpace(node, first)","        }","        if (!options.spaced && isSpaced(first, second)) {","          reportNoBeginningSpace(node, first)","        }","      }","","      // final key and } ore on the same line","      if (isSameLine(penultimate, last)) {","        if (closingCurlyBraceMustBeSpaced && !isSpaced(penultimate, last)) {","          reportRequiredEndingSpace(node, last)","        }","        if (!closingCurlyBraceMustBeSpaced && isSpaced(penultimate, last)) {","          reportNoEndingSpace(node, last)","        }","      }","    }","","    // --------------------------------------------------------------------------","    // Public","    // --------------------------------------------------------------------------","","    return {","      // var {x} = y","      ObjectPattern: function (node) {","        if (node.properties.length === 0) {","          return","        }","","        var firstSpecifier = node.properties[0]","        var lastSpecifier = node.properties[node.properties.length - 1]","","        var first = context.getTokenBefore(firstSpecifier)","        var second = context.getFirstToken(firstSpecifier)","        var penultimate = context.getLastToken(lastSpecifier)","        var last = context.getTokenAfter(lastSpecifier)","","        // support trailing commas","        if (last.value === ',') {","          penultimate = last","          last = context.getTokenAfter(last)","        }","","        validateBraceSpacing(node, first, second, penultimate, last)","      },","","      // import {y} from 'x'","      ImportDeclaration: function (node) {","        var firstSpecifier = node.specifiers[0]","        var lastSpecifier = node.specifiers[node.specifiers.length - 1]","","        // don't do anything for namespace or default imports","        if (firstSpecifier && lastSpecifier && firstSpecifier.type === 'ImportSpecifier' && lastSpecifier.type === 'ImportSpecifier') {","          var first = context.getTokenBefore(firstSpecifier)","          var second = context.getFirstToken(firstSpecifier)","          var penultimate = context.getLastToken(lastSpecifier)","          var last = context.getTokenAfter(lastSpecifier)","","          validateBraceSpacing(node, first, second, penultimate, last)","        }","      },","","      // export {name} from 'yo'","      ExportNamedDeclaration: function (node) {","        if (!node.specifiers.length) {","          return","        }","","        var firstSpecifier = node.specifiers[0]","        var lastSpecifier = node.specifiers[node.specifiers.length - 1]","        var first = context.getTokenBefore(firstSpecifier)","        var second = context.getFirstToken(firstSpecifier)","        var penultimate = context.getLastToken(lastSpecifier)","        var last = context.getTokenAfter(lastSpecifier)","","        validateBraceSpacing(node, first, second, penultimate, last)","      },","","      // var y = {x: 'y'}","      ObjectExpression: function (node) {","        if (node.properties.length === 0) {","          return","        }","","        var first = context.getFirstToken(node)","        var second = context.getFirstToken(node, 1)","        var penultimate = context.getLastToken(node, 1)","        var last = context.getLastToken(node)","","        validateBraceSpacing(node, first, second, penultimate, last)","      }","    }","  }","}",""],"l":{"15":1,"21":0,"22":0,"31":1,"32":0,"35":0,"52":1,"53":0,"62":1,"63":0,"72":1,"73":0,"83":1,"84":0,"94":1,"95":0,"105":1,"106":0,"118":1,"119":0,"120":0,"121":0,"133":1,"134":0,"140":0,"142":0,"143":0,"147":0,"148":0,"151":0,"155":0,"156":0,"157":0,"159":0,"160":0,"165":0,"166":0,"167":0,"169":0,"170":0,"179":0,"182":0,"183":0,"186":0,"187":0,"189":0,"190":0,"191":0,"192":0,"195":0,"196":0,"197":0,"200":0,"205":0,"206":0,"209":0,"210":0,"211":0,"212":0,"213":0,"215":0,"221":0,"222":0,"225":0,"226":0,"227":0,"228":0,"229":0,"230":0,"232":0,"237":0,"238":0,"241":0,"242":0,"243":0,"244":0,"246":0}},"/home/travis/build/npmtest/node-npmtest-eslint-plugin-standard/node_modules/eslint-plugin-standard/rules/no-callback-literal.js":{"path":"/home/travis/build/npmtest/node-npmtest-eslint-plugin-standard/node_modules/eslint-plugin-standard/rules/no-callback-literal.js","s":{"1":1,"2":0,"3":0,"4":0,"5":0,"6":0,"7":0,"8":0,"9":0,"10":1,"11":0,"12":1,"13":0,"14":0,"15":0,"16":0,"17":0,"18":0,"19":0,"20":0,"21":0},"b":{"1":[0,0,0,0,0,0,0,0,0,0,0],"2":[0,0],"3":[0,0],"4":[0,0],"5":[0,0],"6":[0,0],"7":[0,0],"8":[0,0],"9":[0,0],"10":[0,0],"11":[0,0]},"f":{"1":0,"2":0,"3":0,"4":0},"fnMap":{"1":{"name":"couldBeError","line":17,"loc":{"start":{"line":17,"column":0},"end":{"line":17,"column":29}}},"2":{"name":"(anonymous_2)","line":54,"loc":{"start":{"line":54,"column":10},"end":{"line":54,"column":29}}},"3":{"name":"isCallback","line":57,"loc":{"start":{"line":57,"column":4},"end":{"line":57,"column":31}}},"4":{"name":"(anonymous_4)","line":63,"loc":{"start":{"line":63,"column":22},"end":{"line":63,"column":38}}}},"statementMap":{"1":{"start":{"line":17,"column":0},"end":{"line":43,"column":1}},"2":{"start":{"line":18,"column":2},"end":{"line":42,"column":3}},"3":{"start":{"line":25,"column":6},"end":{"line":25,"column":17}},"4":{"start":{"line":28,"column":6},"end":{"line":28,"column":37}},"5":{"start":{"line":31,"column":6},"end":{"line":31,"column":34}},"6":{"start":{"line":32,"column":6},"end":{"line":32,"column":72}},"7":{"start":{"line":35,"column":6},"end":{"line":35,"column":64}},"8":{"start":{"line":38,"column":6},"end":{"line":38,"column":74}},"9":{"start":{"line":41,"column":6},"end":{"line":41,"column":32}},"10":{"start":{"line":49,"column":0},"end":{"line":77,"column":1}},"11":{"start":{"line":55,"column":4},"end":{"line":55,"column":64}},"12":{"start":{"line":57,"column":4},"end":{"line":59,"column":5}},"13":{"start":{"line":58,"column":6},"end":{"line":58,"column":45}},"14":{"start":{"line":61,"column":4},"end":{"line":75,"column":5}},"15":{"start":{"line":64,"column":8},"end":{"line":64,"column":40}},"16":{"start":{"line":65,"column":8},"end":{"line":73,"column":9}},"17":{"start":{"line":66,"column":10},"end":{"line":72,"column":11}},"18":{"start":{"line":67,"column":12},"end":{"line":67,"column":85}},"19":{"start":{"line":68,"column":17},"end":{"line":72,"column":11}},"20":{"start":{"line":69,"column":12},"end":{"line":71,"column":13}},"21":{"start":{"line":70,"column":14},"end":{"line":70,"column":107}}},"branchMap":{"1":{"line":18,"type":"switch","locations":[{"start":{"line":19,"column":4},"end":{"line":19,"column":22}},{"start":{"line":20,"column":4},"end":{"line":20,"column":26}},{"start":{"line":21,"column":4},"end":{"line":21,"column":25}},{"start":{"line":22,"column":4},"end":{"line":22,"column":28}},{"start":{"line":23,"column":4},"end":{"line":23,"column":36}},{"start":{"line":24,"column":4},"end":{"line":25,"column":17}},{"start":{"line":27,"column":4},"end":{"line":28,"column":37}},{"start":{"line":30,"column":4},"end":{"line":32,"column":72}},{"start":{"line":34,"column":4},"end":{"line":35,"column":64}},{"start":{"line":37,"column":4},"end":{"line":38,"column":74}},{"start":{"line":40,"column":4},"end":{"line":41,"column":32}}]},"2":{"line":32,"type":"binary-expr","locations":[{"start":{"line":32,"column":13},"end":{"line":32,"column":31}},{"start":{"line":32,"column":35},"end":{"line":32,"column":72}}]},"3":{"line":35,"type":"binary-expr","locations":[{"start":{"line":35,"column":13},"end":{"line":35,"column":36}},{"start":{"line":35,"column":40},"end":{"line":35,"column":64}}]},"4":{"line":38,"type":"binary-expr","locations":[{"start":{"line":38,"column":13},"end":{"line":38,"column":42}},{"start":{"line":38,"column":46},"end":{"line":38,"column":74}}]},"5":{"line":55,"type":"binary-expr","locations":[{"start":{"line":55,"column":24},"end":{"line":55,"column":42}},{"start":{"line":55,"column":46},"end":{"line":55,"column":64}}]},"6":{"line":65,"type":"if","locations":[{"start":{"line":65,"column":8},"end":{"line":65,"column":8}},{"start":{"line":65,"column":8},"end":{"line":65,"column":8}}]},"7":{"line":65,"type":"binary-expr","locations":[{"start":{"line":65,"column":12},"end":{"line":65,"column":20}},{"start":{"line":65,"column":24},"end":{"line":65,"column":52}}]},"8":{"line":66,"type":"if","locations":[{"start":{"line":66,"column":10},"end":{"line":66,"column":10}},{"start":{"line":66,"column":10},"end":{"line":66,"column":10}}]},"9":{"line":68,"type":"if","locations":[{"start":{"line":68,"column":17},"end":{"line":68,"column":17}},{"start":{"line":68,"column":17},"end":{"line":68,"column":17}}]},"10":{"line":68,"type":"binary-expr","locations":[{"start":{"line":68,"column":21},"end":{"line":68,"column":46}},{"start":{"line":68,"column":50},"end":{"line":68,"column":80}}]},"11":{"line":69,"type":"if","locations":[{"start":{"line":69,"column":12},"end":{"line":69,"column":12}},{"start":{"line":69,"column":12},"end":{"line":69,"column":12}}]}},"code":["/**"," * Ensures that the callback pattern is followed properly"," * with an Error object (or undefined or null) in the first position."," */","","'use strict'","","// ------------------------------------------------------------------------------","// Helpers","// ------------------------------------------------------------------------------","","/**"," * Determine if a node has a possiblity to be an Error object"," * @param  {ASTNode}  node  ASTNode to check"," * @returns {boolean}       True if there is a chance it contains an Error obj"," */","function couldBeError (node) {","  switch (node.type) {","    case 'Identifier':","    case 'CallExpression':","    case 'NewExpression':","    case 'MemberExpression':","    case 'TaggedTemplateExpression':","    case 'YieldExpression':","      return true // possibly an error object.","","    case 'AssignmentExpression':","      return couldBeError(node.right)","","    case 'SequenceExpression':","      var exprs = node.expressions","      return exprs.length !== 0 && couldBeError(exprs[exprs.length - 1])","","    case 'LogicalExpression':","      return couldBeError(node.left) || couldBeError(node.right)","","    case 'ConditionalExpression':","      return couldBeError(node.consequent) || couldBeError(node.alternate)","","    default:","      return node.value === null","  }","}","","// ------------------------------------------------------------------------------","// Rule Definition","// ------------------------------------------------------------------------------","","module.exports = {","  meta: {","    docs: {}","  },","","  create: function (context) {","    var callbackNames = context.options[0] || ['callback', 'cb']","","    function isCallback (name) {","      return callbackNames.indexOf(name) > -1","    }","","    return {","","      CallExpression: function (node) {","        var errorArg = node.arguments[0]","        if (errorArg && isCallback(node.callee.name)) {","          if (!couldBeError(errorArg)) {","            context.report(node, 'Unexpected literal in error position of callback.')","          } else if (node.arguments.length > 1 && errorArg.type === 'Identifier') {","            if (errorArg.name === 'undefined') {","              context.report(node, 'Expected \"null\" instead of \"undefined\" in error position of callback.')","            }","          }","        }","      }","    }","  }","}",""],"l":{"17":1,"18":0,"25":0,"28":0,"31":0,"32":0,"35":0,"38":0,"41":0,"49":1,"55":0,"57":1,"58":0,"61":0,"64":0,"65":0,"66":0,"67":0,"68":0,"69":0,"70":0}}}